[2025-05-20T00:00:09.880+0000] {processor.py:157} INFO - Started process (PID=756) to work on /opt/airflow/dags/data_pipeline.py
[2025-05-20T00:00:09.884+0000] {processor.py:829} INFO - Processing file /opt/airflow/dags/data_pipeline.py for tasks to queue
[2025-05-20T00:00:09.888+0000] {logging_mixin.py:154} INFO - [2025-05-20T00:00:09.887+0000] {dagbag.py:536} INFO - Filling up the DagBag from /opt/airflow/dags/data_pipeline.py
[2025-05-20T00:00:09.966+0000] {processor.py:839} INFO - DAG(s) dict_keys(['data_pipeline']) retrieved from /opt/airflow/dags/data_pipeline.py
[2025-05-20T00:00:10.097+0000] {logging_mixin.py:154} INFO - [2025-05-20T00:00:10.096+0000] {dag.py:2941} INFO - Sync 1 DAGs
[2025-05-20T00:00:10.193+0000] {logging_mixin.py:154} INFO - [2025-05-20T00:00:10.192+0000] {dag.py:3722} INFO - Setting next_dagrun for data_pipeline to 2025-05-19T22:20:38.382870+00:00, run_after=2025-05-20T22:20:38.382870+00:00
[2025-05-20T00:00:10.250+0000] {processor.py:179} INFO - Processing /opt/airflow/dags/data_pipeline.py took 0.384 seconds
[2025-05-20T00:00:40.848+0000] {processor.py:157} INFO - Started process (PID=761) to work on /opt/airflow/dags/data_pipeline.py
[2025-05-20T00:00:40.851+0000] {processor.py:829} INFO - Processing file /opt/airflow/dags/data_pipeline.py for tasks to queue
[2025-05-20T00:00:40.853+0000] {logging_mixin.py:154} INFO - [2025-05-20T00:00:40.853+0000] {dagbag.py:536} INFO - Filling up the DagBag from /opt/airflow/dags/data_pipeline.py
[2025-05-20T00:00:40.916+0000] {processor.py:839} INFO - DAG(s) dict_keys(['data_pipeline']) retrieved from /opt/airflow/dags/data_pipeline.py
[2025-05-20T00:00:40.982+0000] {logging_mixin.py:154} INFO - [2025-05-20T00:00:40.982+0000] {dag.py:2941} INFO - Sync 1 DAGs
[2025-05-20T00:00:41.060+0000] {logging_mixin.py:154} INFO - [2025-05-20T00:00:41.059+0000] {dag.py:3722} INFO - Setting next_dagrun for data_pipeline to 2025-05-19T22:20:38.382870+00:00, run_after=2025-05-20T22:20:38.382870+00:00
[2025-05-20T00:00:41.132+0000] {processor.py:179} INFO - Processing /opt/airflow/dags/data_pipeline.py took 0.291 seconds
[2025-05-20T00:01:11.263+0000] {processor.py:157} INFO - Started process (PID=766) to work on /opt/airflow/dags/data_pipeline.py
[2025-05-20T00:01:11.266+0000] {processor.py:829} INFO - Processing file /opt/airflow/dags/data_pipeline.py for tasks to queue
[2025-05-20T00:01:11.268+0000] {logging_mixin.py:154} INFO - [2025-05-20T00:01:11.267+0000] {dagbag.py:536} INFO - Filling up the DagBag from /opt/airflow/dags/data_pipeline.py
[2025-05-20T00:01:11.320+0000] {processor.py:839} INFO - DAG(s) dict_keys(['data_pipeline']) retrieved from /opt/airflow/dags/data_pipeline.py
[2025-05-20T00:01:11.387+0000] {logging_mixin.py:154} INFO - [2025-05-20T00:01:11.386+0000] {dag.py:2941} INFO - Sync 1 DAGs
[2025-05-20T00:01:11.457+0000] {logging_mixin.py:154} INFO - [2025-05-20T00:01:11.457+0000] {dag.py:3722} INFO - Setting next_dagrun for data_pipeline to 2025-05-19T22:20:38.382870+00:00, run_after=2025-05-20T22:20:38.382870+00:00
[2025-05-20T00:01:11.515+0000] {processor.py:179} INFO - Processing /opt/airflow/dags/data_pipeline.py took 0.259 seconds
[2025-05-20T00:01:41.807+0000] {processor.py:157} INFO - Started process (PID=771) to work on /opt/airflow/dags/data_pipeline.py
[2025-05-20T00:01:41.810+0000] {processor.py:829} INFO - Processing file /opt/airflow/dags/data_pipeline.py for tasks to queue
[2025-05-20T00:01:41.813+0000] {logging_mixin.py:154} INFO - [2025-05-20T00:01:41.812+0000] {dagbag.py:536} INFO - Filling up the DagBag from /opt/airflow/dags/data_pipeline.py
[2025-05-20T00:01:41.860+0000] {processor.py:839} INFO - DAG(s) dict_keys(['data_pipeline']) retrieved from /opt/airflow/dags/data_pipeline.py
[2025-05-20T00:01:41.931+0000] {logging_mixin.py:154} INFO - [2025-05-20T00:01:41.930+0000] {dag.py:2941} INFO - Sync 1 DAGs
[2025-05-20T00:01:41.992+0000] {logging_mixin.py:154} INFO - [2025-05-20T00:01:41.992+0000] {dag.py:3722} INFO - Setting next_dagrun for data_pipeline to 2025-05-19T22:20:38.382870+00:00, run_after=2025-05-20T22:20:38.382870+00:00
[2025-05-20T00:01:42.069+0000] {processor.py:179} INFO - Processing /opt/airflow/dags/data_pipeline.py took 0.277 seconds
[2025-05-20T00:02:12.357+0000] {processor.py:157} INFO - Started process (PID=776) to work on /opt/airflow/dags/data_pipeline.py
[2025-05-20T00:02:12.362+0000] {processor.py:829} INFO - Processing file /opt/airflow/dags/data_pipeline.py for tasks to queue
[2025-05-20T00:02:12.366+0000] {logging_mixin.py:154} INFO - [2025-05-20T00:02:12.365+0000] {dagbag.py:536} INFO - Filling up the DagBag from /opt/airflow/dags/data_pipeline.py
[2025-05-20T00:02:12.449+0000] {processor.py:839} INFO - DAG(s) dict_keys(['data_pipeline']) retrieved from /opt/airflow/dags/data_pipeline.py
[2025-05-20T00:02:12.541+0000] {logging_mixin.py:154} INFO - [2025-05-20T00:02:12.541+0000] {dag.py:2941} INFO - Sync 1 DAGs
[2025-05-20T00:02:12.615+0000] {logging_mixin.py:154} INFO - [2025-05-20T00:02:12.614+0000] {dag.py:3722} INFO - Setting next_dagrun for data_pipeline to 2025-05-19T22:20:38.382870+00:00, run_after=2025-05-20T22:20:38.382870+00:00
[2025-05-20T00:02:12.714+0000] {processor.py:179} INFO - Processing /opt/airflow/dags/data_pipeline.py took 0.369 seconds
[2025-05-20T00:02:42.981+0000] {processor.py:157} INFO - Started process (PID=781) to work on /opt/airflow/dags/data_pipeline.py
[2025-05-20T00:02:42.985+0000] {processor.py:829} INFO - Processing file /opt/airflow/dags/data_pipeline.py for tasks to queue
[2025-05-20T00:02:42.989+0000] {logging_mixin.py:154} INFO - [2025-05-20T00:02:42.988+0000] {dagbag.py:536} INFO - Filling up the DagBag from /opt/airflow/dags/data_pipeline.py
[2025-05-20T00:02:43.096+0000] {processor.py:839} INFO - DAG(s) dict_keys(['data_pipeline']) retrieved from /opt/airflow/dags/data_pipeline.py
[2025-05-20T00:02:43.163+0000] {logging_mixin.py:154} INFO - [2025-05-20T00:02:43.162+0000] {dag.py:2941} INFO - Sync 1 DAGs
[2025-05-20T00:02:43.218+0000] {logging_mixin.py:154} INFO - [2025-05-20T00:02:43.218+0000] {dag.py:3722} INFO - Setting next_dagrun for data_pipeline to 2025-05-19T22:20:38.382870+00:00, run_after=2025-05-20T22:20:38.382870+00:00
[2025-05-20T00:02:43.269+0000] {processor.py:179} INFO - Processing /opt/airflow/dags/data_pipeline.py took 0.301 seconds
[2025-05-20T00:03:13.669+0000] {processor.py:157} INFO - Started process (PID=786) to work on /opt/airflow/dags/data_pipeline.py
[2025-05-20T00:03:13.673+0000] {processor.py:829} INFO - Processing file /opt/airflow/dags/data_pipeline.py for tasks to queue
[2025-05-20T00:03:13.677+0000] {logging_mixin.py:154} INFO - [2025-05-20T00:03:13.675+0000] {dagbag.py:536} INFO - Filling up the DagBag from /opt/airflow/dags/data_pipeline.py
[2025-05-20T00:03:13.762+0000] {processor.py:839} INFO - DAG(s) dict_keys(['data_pipeline']) retrieved from /opt/airflow/dags/data_pipeline.py
[2025-05-20T00:03:13.874+0000] {logging_mixin.py:154} INFO - [2025-05-20T00:03:13.873+0000] {dag.py:2941} INFO - Sync 1 DAGs
[2025-05-20T00:03:13.967+0000] {logging_mixin.py:154} INFO - [2025-05-20T00:03:13.966+0000] {dag.py:3722} INFO - Setting next_dagrun for data_pipeline to 2025-05-19T22:20:38.382870+00:00, run_after=2025-05-20T22:20:38.382870+00:00
[2025-05-20T00:03:14.049+0000] {processor.py:179} INFO - Processing /opt/airflow/dags/data_pipeline.py took 0.393 seconds
[2025-05-20T00:03:44.258+0000] {processor.py:157} INFO - Started process (PID=791) to work on /opt/airflow/dags/data_pipeline.py
[2025-05-20T00:03:44.262+0000] {processor.py:829} INFO - Processing file /opt/airflow/dags/data_pipeline.py for tasks to queue
[2025-05-20T00:03:44.266+0000] {logging_mixin.py:154} INFO - [2025-05-20T00:03:44.265+0000] {dagbag.py:536} INFO - Filling up the DagBag from /opt/airflow/dags/data_pipeline.py
[2025-05-20T00:03:44.348+0000] {processor.py:839} INFO - DAG(s) dict_keys(['data_pipeline']) retrieved from /opt/airflow/dags/data_pipeline.py
[2025-05-20T00:03:44.488+0000] {logging_mixin.py:154} INFO - [2025-05-20T00:03:44.487+0000] {dag.py:2941} INFO - Sync 1 DAGs
[2025-05-20T00:03:44.586+0000] {logging_mixin.py:154} INFO - [2025-05-20T00:03:44.585+0000] {dag.py:3722} INFO - Setting next_dagrun for data_pipeline to 2025-05-19T22:20:38.382870+00:00, run_after=2025-05-20T22:20:38.382870+00:00
[2025-05-20T00:03:44.662+0000] {processor.py:179} INFO - Processing /opt/airflow/dags/data_pipeline.py took 0.415 seconds
[2025-05-20T00:04:14.998+0000] {processor.py:157} INFO - Started process (PID=796) to work on /opt/airflow/dags/data_pipeline.py
[2025-05-20T00:04:15.001+0000] {processor.py:829} INFO - Processing file /opt/airflow/dags/data_pipeline.py for tasks to queue
[2025-05-20T00:04:15.004+0000] {logging_mixin.py:154} INFO - [2025-05-20T00:04:15.003+0000] {dagbag.py:536} INFO - Filling up the DagBag from /opt/airflow/dags/data_pipeline.py
[2025-05-20T00:04:15.076+0000] {processor.py:839} INFO - DAG(s) dict_keys(['data_pipeline']) retrieved from /opt/airflow/dags/data_pipeline.py
[2025-05-20T00:04:15.165+0000] {logging_mixin.py:154} INFO - [2025-05-20T00:04:15.165+0000] {dag.py:2941} INFO - Sync 1 DAGs
[2025-05-20T00:04:15.254+0000] {logging_mixin.py:154} INFO - [2025-05-20T00:04:15.254+0000] {dag.py:3722} INFO - Setting next_dagrun for data_pipeline to 2025-05-19T22:20:38.382870+00:00, run_after=2025-05-20T22:20:38.382870+00:00
[2025-05-20T00:04:15.325+0000] {processor.py:179} INFO - Processing /opt/airflow/dags/data_pipeline.py took 0.342 seconds
[2025-05-20T00:04:45.609+0000] {processor.py:157} INFO - Started process (PID=801) to work on /opt/airflow/dags/data_pipeline.py
[2025-05-20T00:04:45.614+0000] {processor.py:829} INFO - Processing file /opt/airflow/dags/data_pipeline.py for tasks to queue
[2025-05-20T00:04:45.619+0000] {logging_mixin.py:154} INFO - [2025-05-20T00:04:45.617+0000] {dagbag.py:536} INFO - Filling up the DagBag from /opt/airflow/dags/data_pipeline.py
[2025-05-20T00:04:45.705+0000] {processor.py:839} INFO - DAG(s) dict_keys(['data_pipeline']) retrieved from /opt/airflow/dags/data_pipeline.py
[2025-05-20T00:04:45.818+0000] {logging_mixin.py:154} INFO - [2025-05-20T00:04:45.817+0000] {dag.py:2941} INFO - Sync 1 DAGs
[2025-05-20T00:04:45.921+0000] {logging_mixin.py:154} INFO - [2025-05-20T00:04:45.921+0000] {dag.py:3722} INFO - Setting next_dagrun for data_pipeline to 2025-05-19T22:20:38.382870+00:00, run_after=2025-05-20T22:20:38.382870+00:00
[2025-05-20T00:04:46.006+0000] {processor.py:179} INFO - Processing /opt/airflow/dags/data_pipeline.py took 0.409 seconds
[2025-05-20T00:05:16.260+0000] {processor.py:157} INFO - Started process (PID=806) to work on /opt/airflow/dags/data_pipeline.py
[2025-05-20T00:05:16.264+0000] {processor.py:829} INFO - Processing file /opt/airflow/dags/data_pipeline.py for tasks to queue
[2025-05-20T00:05:16.267+0000] {logging_mixin.py:154} INFO - [2025-05-20T00:05:16.266+0000] {dagbag.py:536} INFO - Filling up the DagBag from /opt/airflow/dags/data_pipeline.py
[2025-05-20T00:05:16.344+0000] {processor.py:839} INFO - DAG(s) dict_keys(['data_pipeline']) retrieved from /opt/airflow/dags/data_pipeline.py
[2025-05-20T00:05:16.436+0000] {logging_mixin.py:154} INFO - [2025-05-20T00:05:16.436+0000] {dag.py:2941} INFO - Sync 1 DAGs
[2025-05-20T00:05:16.520+0000] {logging_mixin.py:154} INFO - [2025-05-20T00:05:16.520+0000] {dag.py:3722} INFO - Setting next_dagrun for data_pipeline to 2025-05-19T22:20:38.382870+00:00, run_after=2025-05-20T22:20:38.382870+00:00
[2025-05-20T00:05:16.592+0000] {processor.py:179} INFO - Processing /opt/airflow/dags/data_pipeline.py took 0.340 seconds
[2025-05-20T00:05:47.153+0000] {processor.py:157} INFO - Started process (PID=811) to work on /opt/airflow/dags/data_pipeline.py
[2025-05-20T00:05:47.157+0000] {processor.py:829} INFO - Processing file /opt/airflow/dags/data_pipeline.py for tasks to queue
[2025-05-20T00:05:47.164+0000] {logging_mixin.py:154} INFO - [2025-05-20T00:05:47.162+0000] {dagbag.py:536} INFO - Filling up the DagBag from /opt/airflow/dags/data_pipeline.py
[2025-05-20T00:05:47.270+0000] {processor.py:839} INFO - DAG(s) dict_keys(['data_pipeline']) retrieved from /opt/airflow/dags/data_pipeline.py
[2025-05-20T00:05:47.384+0000] {logging_mixin.py:154} INFO - [2025-05-20T00:05:47.384+0000] {dag.py:2941} INFO - Sync 1 DAGs
[2025-05-20T00:05:47.483+0000] {logging_mixin.py:154} INFO - [2025-05-20T00:05:47.482+0000] {dag.py:3722} INFO - Setting next_dagrun for data_pipeline to 2025-05-19T22:20:38.382870+00:00, run_after=2025-05-20T22:20:38.382870+00:00
[2025-05-20T00:05:47.554+0000] {processor.py:179} INFO - Processing /opt/airflow/dags/data_pipeline.py took 0.413 seconds
[2025-05-20T00:06:18.055+0000] {processor.py:157} INFO - Started process (PID=816) to work on /opt/airflow/dags/data_pipeline.py
[2025-05-20T00:06:18.060+0000] {processor.py:829} INFO - Processing file /opt/airflow/dags/data_pipeline.py for tasks to queue
[2025-05-20T00:06:18.066+0000] {logging_mixin.py:154} INFO - [2025-05-20T00:06:18.065+0000] {dagbag.py:536} INFO - Filling up the DagBag from /opt/airflow/dags/data_pipeline.py
[2025-05-20T00:06:18.155+0000] {processor.py:839} INFO - DAG(s) dict_keys(['data_pipeline']) retrieved from /opt/airflow/dags/data_pipeline.py
[2025-05-20T00:06:18.284+0000] {logging_mixin.py:154} INFO - [2025-05-20T00:06:18.283+0000] {dag.py:2941} INFO - Sync 1 DAGs
[2025-05-20T00:06:18.383+0000] {logging_mixin.py:154} INFO - [2025-05-20T00:06:18.383+0000] {dag.py:3722} INFO - Setting next_dagrun for data_pipeline to 2025-05-19T22:20:38.382870+00:00, run_after=2025-05-20T22:20:38.382870+00:00
[2025-05-20T00:06:18.470+0000] {processor.py:179} INFO - Processing /opt/airflow/dags/data_pipeline.py took 0.430 seconds
[2025-05-20T00:06:49.091+0000] {processor.py:157} INFO - Started process (PID=821) to work on /opt/airflow/dags/data_pipeline.py
[2025-05-20T00:06:49.095+0000] {processor.py:829} INFO - Processing file /opt/airflow/dags/data_pipeline.py for tasks to queue
[2025-05-20T00:06:49.099+0000] {logging_mixin.py:154} INFO - [2025-05-20T00:06:49.098+0000] {dagbag.py:536} INFO - Filling up the DagBag from /opt/airflow/dags/data_pipeline.py
[2025-05-20T00:06:49.185+0000] {processor.py:839} INFO - DAG(s) dict_keys(['data_pipeline']) retrieved from /opt/airflow/dags/data_pipeline.py
[2025-05-20T00:06:49.282+0000] {logging_mixin.py:154} INFO - [2025-05-20T00:06:49.282+0000] {dag.py:2941} INFO - Sync 1 DAGs
[2025-05-20T00:06:49.378+0000] {logging_mixin.py:154} INFO - [2025-05-20T00:06:49.377+0000] {dag.py:3722} INFO - Setting next_dagrun for data_pipeline to 2025-05-19T22:20:38.382870+00:00, run_after=2025-05-20T22:20:38.382870+00:00
[2025-05-20T00:06:49.473+0000] {processor.py:179} INFO - Processing /opt/airflow/dags/data_pipeline.py took 0.396 seconds
[2025-05-20T00:07:19.996+0000] {processor.py:157} INFO - Started process (PID=826) to work on /opt/airflow/dags/data_pipeline.py
[2025-05-20T00:07:19.998+0000] {processor.py:829} INFO - Processing file /opt/airflow/dags/data_pipeline.py for tasks to queue
[2025-05-20T00:07:20.000+0000] {logging_mixin.py:154} INFO - [2025-05-20T00:07:20.000+0000] {dagbag.py:536} INFO - Filling up the DagBag from /opt/airflow/dags/data_pipeline.py
[2025-05-20T00:07:20.055+0000] {processor.py:839} INFO - DAG(s) dict_keys(['data_pipeline']) retrieved from /opt/airflow/dags/data_pipeline.py
[2025-05-20T00:07:20.115+0000] {logging_mixin.py:154} INFO - [2025-05-20T00:07:20.115+0000] {dag.py:2941} INFO - Sync 1 DAGs
[2025-05-20T00:07:20.197+0000] {logging_mixin.py:154} INFO - [2025-05-20T00:07:20.197+0000] {dag.py:3722} INFO - Setting next_dagrun for data_pipeline to 2025-05-19T22:20:38.382870+00:00, run_after=2025-05-20T22:20:38.382870+00:00
[2025-05-20T00:07:20.251+0000] {processor.py:179} INFO - Processing /opt/airflow/dags/data_pipeline.py took 0.262 seconds
[2025-05-20T00:07:50.539+0000] {processor.py:157} INFO - Started process (PID=831) to work on /opt/airflow/dags/data_pipeline.py
[2025-05-20T00:07:50.543+0000] {processor.py:829} INFO - Processing file /opt/airflow/dags/data_pipeline.py for tasks to queue
[2025-05-20T00:07:50.552+0000] {logging_mixin.py:154} INFO - [2025-05-20T00:07:50.549+0000] {dagbag.py:536} INFO - Filling up the DagBag from /opt/airflow/dags/data_pipeline.py
[2025-05-20T00:07:50.684+0000] {processor.py:839} INFO - DAG(s) dict_keys(['data_pipeline']) retrieved from /opt/airflow/dags/data_pipeline.py
[2025-05-20T00:07:50.896+0000] {logging_mixin.py:154} INFO - [2025-05-20T00:07:50.895+0000] {dag.py:2941} INFO - Sync 1 DAGs
[2025-05-20T00:07:50.972+0000] {logging_mixin.py:154} INFO - [2025-05-20T00:07:50.971+0000] {dag.py:3722} INFO - Setting next_dagrun for data_pipeline to 2025-05-19T22:20:38.382870+00:00, run_after=2025-05-20T22:20:38.382870+00:00
[2025-05-20T00:07:51.055+0000] {processor.py:179} INFO - Processing /opt/airflow/dags/data_pipeline.py took 0.534 seconds
[2025-05-20T00:08:21.293+0000] {processor.py:157} INFO - Started process (PID=836) to work on /opt/airflow/dags/data_pipeline.py
[2025-05-20T00:08:21.297+0000] {processor.py:829} INFO - Processing file /opt/airflow/dags/data_pipeline.py for tasks to queue
[2025-05-20T00:08:21.301+0000] {logging_mixin.py:154} INFO - [2025-05-20T00:08:21.300+0000] {dagbag.py:536} INFO - Filling up the DagBag from /opt/airflow/dags/data_pipeline.py
[2025-05-20T00:08:21.391+0000] {processor.py:839} INFO - DAG(s) dict_keys(['data_pipeline']) retrieved from /opt/airflow/dags/data_pipeline.py
[2025-05-20T00:08:21.480+0000] {logging_mixin.py:154} INFO - [2025-05-20T00:08:21.480+0000] {dag.py:2941} INFO - Sync 1 DAGs
[2025-05-20T00:08:21.552+0000] {logging_mixin.py:154} INFO - [2025-05-20T00:08:21.551+0000] {dag.py:3722} INFO - Setting next_dagrun for data_pipeline to 2025-05-19T22:20:38.382870+00:00, run_after=2025-05-20T22:20:38.382870+00:00
[2025-05-20T00:08:21.600+0000] {processor.py:179} INFO - Processing /opt/airflow/dags/data_pipeline.py took 0.324 seconds
[2025-05-20T00:08:51.990+0000] {processor.py:157} INFO - Started process (PID=841) to work on /opt/airflow/dags/data_pipeline.py
[2025-05-20T00:08:51.996+0000] {processor.py:829} INFO - Processing file /opt/airflow/dags/data_pipeline.py for tasks to queue
[2025-05-20T00:08:52.002+0000] {logging_mixin.py:154} INFO - [2025-05-20T00:08:51.999+0000] {dagbag.py:536} INFO - Filling up the DagBag from /opt/airflow/dags/data_pipeline.py
[2025-05-20T00:08:52.064+0000] {processor.py:839} INFO - DAG(s) dict_keys(['data_pipeline']) retrieved from /opt/airflow/dags/data_pipeline.py
[2025-05-20T00:08:52.129+0000] {logging_mixin.py:154} INFO - [2025-05-20T00:08:52.128+0000] {dag.py:2941} INFO - Sync 1 DAGs
[2025-05-20T00:08:52.190+0000] {logging_mixin.py:154} INFO - [2025-05-20T00:08:52.189+0000] {dag.py:3722} INFO - Setting next_dagrun for data_pipeline to 2025-05-19T22:20:38.382870+00:00, run_after=2025-05-20T22:20:38.382870+00:00
[2025-05-20T00:08:52.252+0000] {processor.py:179} INFO - Processing /opt/airflow/dags/data_pipeline.py took 0.271 seconds
[2025-05-20T00:09:22.368+0000] {processor.py:157} INFO - Started process (PID=846) to work on /opt/airflow/dags/data_pipeline.py
[2025-05-20T00:09:22.371+0000] {processor.py:829} INFO - Processing file /opt/airflow/dags/data_pipeline.py for tasks to queue
[2025-05-20T00:09:22.376+0000] {logging_mixin.py:154} INFO - [2025-05-20T00:09:22.374+0000] {dagbag.py:536} INFO - Filling up the DagBag from /opt/airflow/dags/data_pipeline.py
[2025-05-20T00:09:22.447+0000] {processor.py:839} INFO - DAG(s) dict_keys(['data_pipeline']) retrieved from /opt/airflow/dags/data_pipeline.py
[2025-05-20T00:09:22.541+0000] {logging_mixin.py:154} INFO - [2025-05-20T00:09:22.540+0000] {dag.py:2941} INFO - Sync 1 DAGs
[2025-05-20T00:09:22.637+0000] {logging_mixin.py:154} INFO - [2025-05-20T00:09:22.636+0000] {dag.py:3722} INFO - Setting next_dagrun for data_pipeline to 2025-05-19T22:20:38.382870+00:00, run_after=2025-05-20T22:20:38.382870+00:00
[2025-05-20T00:09:22.702+0000] {processor.py:179} INFO - Processing /opt/airflow/dags/data_pipeline.py took 0.346 seconds
[2025-05-20T00:09:53.076+0000] {processor.py:157} INFO - Started process (PID=851) to work on /opt/airflow/dags/data_pipeline.py
[2025-05-20T00:09:53.080+0000] {processor.py:829} INFO - Processing file /opt/airflow/dags/data_pipeline.py for tasks to queue
[2025-05-20T00:09:53.084+0000] {logging_mixin.py:154} INFO - [2025-05-20T00:09:53.083+0000] {dagbag.py:536} INFO - Filling up the DagBag from /opt/airflow/dags/data_pipeline.py
[2025-05-20T00:09:53.171+0000] {processor.py:839} INFO - DAG(s) dict_keys(['data_pipeline']) retrieved from /opt/airflow/dags/data_pipeline.py
[2025-05-20T00:09:53.280+0000] {logging_mixin.py:154} INFO - [2025-05-20T00:09:53.279+0000] {dag.py:2941} INFO - Sync 1 DAGs
[2025-05-20T00:09:53.357+0000] {logging_mixin.py:154} INFO - [2025-05-20T00:09:53.356+0000] {dag.py:3722} INFO - Setting next_dagrun for data_pipeline to 2025-05-19T22:20:38.382870+00:00, run_after=2025-05-20T22:20:38.382870+00:00
[2025-05-20T00:09:53.437+0000] {processor.py:179} INFO - Processing /opt/airflow/dags/data_pipeline.py took 0.373 seconds
[2025-05-20T00:10:23.843+0000] {processor.py:157} INFO - Started process (PID=856) to work on /opt/airflow/dags/data_pipeline.py
[2025-05-20T00:10:23.847+0000] {processor.py:829} INFO - Processing file /opt/airflow/dags/data_pipeline.py for tasks to queue
[2025-05-20T00:10:23.850+0000] {logging_mixin.py:154} INFO - [2025-05-20T00:10:23.849+0000] {dagbag.py:536} INFO - Filling up the DagBag from /opt/airflow/dags/data_pipeline.py
[2025-05-20T00:10:23.912+0000] {processor.py:839} INFO - DAG(s) dict_keys(['data_pipeline']) retrieved from /opt/airflow/dags/data_pipeline.py
[2025-05-20T00:10:23.980+0000] {logging_mixin.py:154} INFO - [2025-05-20T00:10:23.980+0000] {dag.py:2941} INFO - Sync 1 DAGs
[2025-05-20T00:10:24.041+0000] {logging_mixin.py:154} INFO - [2025-05-20T00:10:24.040+0000] {dag.py:3722} INFO - Setting next_dagrun for data_pipeline to 2025-05-19T22:20:38.382870+00:00, run_after=2025-05-20T22:20:38.382870+00:00
[2025-05-20T00:10:24.088+0000] {processor.py:179} INFO - Processing /opt/airflow/dags/data_pipeline.py took 0.257 seconds
[2025-05-20T00:10:54.441+0000] {processor.py:157} INFO - Started process (PID=861) to work on /opt/airflow/dags/data_pipeline.py
[2025-05-20T00:10:54.452+0000] {processor.py:829} INFO - Processing file /opt/airflow/dags/data_pipeline.py for tasks to queue
[2025-05-20T00:10:54.466+0000] {logging_mixin.py:154} INFO - [2025-05-20T00:10:54.460+0000] {dagbag.py:536} INFO - Filling up the DagBag from /opt/airflow/dags/data_pipeline.py
[2025-05-20T00:10:54.586+0000] {processor.py:839} INFO - DAG(s) dict_keys(['data_pipeline']) retrieved from /opt/airflow/dags/data_pipeline.py
[2025-05-20T00:10:54.683+0000] {logging_mixin.py:154} INFO - [2025-05-20T00:10:54.682+0000] {dag.py:2941} INFO - Sync 1 DAGs
[2025-05-20T00:10:54.783+0000] {logging_mixin.py:154} INFO - [2025-05-20T00:10:54.782+0000] {dag.py:3722} INFO - Setting next_dagrun for data_pipeline to 2025-05-19T22:20:38.382870+00:00, run_after=2025-05-20T22:20:38.382870+00:00
[2025-05-20T00:10:54.871+0000] {processor.py:179} INFO - Processing /opt/airflow/dags/data_pipeline.py took 0.473 seconds
[2025-05-20T00:11:25.032+0000] {processor.py:157} INFO - Started process (PID=866) to work on /opt/airflow/dags/data_pipeline.py
[2025-05-20T00:11:25.036+0000] {processor.py:829} INFO - Processing file /opt/airflow/dags/data_pipeline.py for tasks to queue
[2025-05-20T00:11:25.039+0000] {logging_mixin.py:154} INFO - [2025-05-20T00:11:25.038+0000] {dagbag.py:536} INFO - Filling up the DagBag from /opt/airflow/dags/data_pipeline.py
[2025-05-20T00:11:25.135+0000] {processor.py:839} INFO - DAG(s) dict_keys(['data_pipeline']) retrieved from /opt/airflow/dags/data_pipeline.py
[2025-05-20T00:11:25.235+0000] {logging_mixin.py:154} INFO - [2025-05-20T00:11:25.235+0000] {dag.py:2941} INFO - Sync 1 DAGs
[2025-05-20T00:11:25.348+0000] {logging_mixin.py:154} INFO - [2025-05-20T00:11:25.347+0000] {dag.py:3722} INFO - Setting next_dagrun for data_pipeline to 2025-05-19T22:20:38.382870+00:00, run_after=2025-05-20T22:20:38.382870+00:00
[2025-05-20T00:11:25.440+0000] {processor.py:179} INFO - Processing /opt/airflow/dags/data_pipeline.py took 0.419 seconds
[2025-05-20T00:11:55.880+0000] {processor.py:157} INFO - Started process (PID=871) to work on /opt/airflow/dags/data_pipeline.py
[2025-05-20T00:11:55.883+0000] {processor.py:829} INFO - Processing file /opt/airflow/dags/data_pipeline.py for tasks to queue
[2025-05-20T00:11:55.886+0000] {logging_mixin.py:154} INFO - [2025-05-20T00:11:55.885+0000] {dagbag.py:536} INFO - Filling up the DagBag from /opt/airflow/dags/data_pipeline.py
[2025-05-20T00:11:55.974+0000] {processor.py:839} INFO - DAG(s) dict_keys(['data_pipeline']) retrieved from /opt/airflow/dags/data_pipeline.py
[2025-05-20T00:11:56.077+0000] {logging_mixin.py:154} INFO - [2025-05-20T00:11:56.076+0000] {dag.py:2941} INFO - Sync 1 DAGs
[2025-05-20T00:11:56.169+0000] {logging_mixin.py:154} INFO - [2025-05-20T00:11:56.168+0000] {dag.py:3722} INFO - Setting next_dagrun for data_pipeline to 2025-05-19T22:20:38.382870+00:00, run_after=2025-05-20T22:20:38.382870+00:00
[2025-05-20T00:11:56.258+0000] {processor.py:179} INFO - Processing /opt/airflow/dags/data_pipeline.py took 0.390 seconds
[2025-05-20T00:12:26.809+0000] {processor.py:157} INFO - Started process (PID=876) to work on /opt/airflow/dags/data_pipeline.py
[2025-05-20T00:12:26.812+0000] {processor.py:829} INFO - Processing file /opt/airflow/dags/data_pipeline.py for tasks to queue
[2025-05-20T00:12:26.815+0000] {logging_mixin.py:154} INFO - [2025-05-20T00:12:26.814+0000] {dagbag.py:536} INFO - Filling up the DagBag from /opt/airflow/dags/data_pipeline.py
[2025-05-20T00:12:26.866+0000] {processor.py:839} INFO - DAG(s) dict_keys(['data_pipeline']) retrieved from /opt/airflow/dags/data_pipeline.py
[2025-05-20T00:12:26.932+0000] {logging_mixin.py:154} INFO - [2025-05-20T00:12:26.932+0000] {dag.py:2941} INFO - Sync 1 DAGs
[2025-05-20T00:12:26.994+0000] {logging_mixin.py:154} INFO - [2025-05-20T00:12:26.994+0000] {dag.py:3722} INFO - Setting next_dagrun for data_pipeline to 2025-05-19T22:20:38.382870+00:00, run_after=2025-05-20T22:20:38.382870+00:00
[2025-05-20T00:12:27.048+0000] {processor.py:179} INFO - Processing /opt/airflow/dags/data_pipeline.py took 0.250 seconds
[2025-05-20T00:12:57.248+0000] {processor.py:157} INFO - Started process (PID=881) to work on /opt/airflow/dags/data_pipeline.py
[2025-05-20T00:12:57.251+0000] {processor.py:829} INFO - Processing file /opt/airflow/dags/data_pipeline.py for tasks to queue
[2025-05-20T00:12:57.254+0000] {logging_mixin.py:154} INFO - [2025-05-20T00:12:57.253+0000] {dagbag.py:536} INFO - Filling up the DagBag from /opt/airflow/dags/data_pipeline.py
[2025-05-20T00:12:57.328+0000] {processor.py:839} INFO - DAG(s) dict_keys(['data_pipeline']) retrieved from /opt/airflow/dags/data_pipeline.py
[2025-05-20T00:12:57.428+0000] {logging_mixin.py:154} INFO - [2025-05-20T00:12:57.427+0000] {dag.py:2941} INFO - Sync 1 DAGs
[2025-05-20T00:12:57.543+0000] {logging_mixin.py:154} INFO - [2025-05-20T00:12:57.543+0000] {dag.py:3722} INFO - Setting next_dagrun for data_pipeline to 2025-05-19T22:20:38.382870+00:00, run_after=2025-05-20T22:20:38.382870+00:00
[2025-05-20T00:12:57.623+0000] {processor.py:179} INFO - Processing /opt/airflow/dags/data_pipeline.py took 0.388 seconds
[2025-05-20T00:13:28.012+0000] {processor.py:157} INFO - Started process (PID=886) to work on /opt/airflow/dags/data_pipeline.py
[2025-05-20T00:13:28.015+0000] {processor.py:829} INFO - Processing file /opt/airflow/dags/data_pipeline.py for tasks to queue
[2025-05-20T00:13:28.018+0000] {logging_mixin.py:154} INFO - [2025-05-20T00:13:28.017+0000] {dagbag.py:536} INFO - Filling up the DagBag from /opt/airflow/dags/data_pipeline.py
[2025-05-20T00:13:28.071+0000] {processor.py:839} INFO - DAG(s) dict_keys(['data_pipeline']) retrieved from /opt/airflow/dags/data_pipeline.py
[2025-05-20T00:13:28.201+0000] {logging_mixin.py:154} INFO - [2025-05-20T00:13:28.200+0000] {dag.py:2941} INFO - Sync 1 DAGs
[2025-05-20T00:13:28.370+0000] {logging_mixin.py:154} INFO - [2025-05-20T00:13:28.368+0000] {dag.py:3722} INFO - Setting next_dagrun for data_pipeline to 2025-05-19T22:20:38.382870+00:00, run_after=2025-05-20T22:20:38.382870+00:00
[2025-05-20T00:13:28.444+0000] {processor.py:179} INFO - Processing /opt/airflow/dags/data_pipeline.py took 0.442 seconds
[2025-05-20T00:13:59.047+0000] {processor.py:157} INFO - Started process (PID=891) to work on /opt/airflow/dags/data_pipeline.py
[2025-05-20T00:13:59.051+0000] {processor.py:829} INFO - Processing file /opt/airflow/dags/data_pipeline.py for tasks to queue
[2025-05-20T00:13:59.053+0000] {logging_mixin.py:154} INFO - [2025-05-20T00:13:59.053+0000] {dagbag.py:536} INFO - Filling up the DagBag from /opt/airflow/dags/data_pipeline.py
[2025-05-20T00:13:59.115+0000] {processor.py:839} INFO - DAG(s) dict_keys(['data_pipeline']) retrieved from /opt/airflow/dags/data_pipeline.py
[2025-05-20T00:13:59.225+0000] {logging_mixin.py:154} INFO - [2025-05-20T00:13:59.225+0000] {dag.py:2941} INFO - Sync 1 DAGs
[2025-05-20T00:13:59.317+0000] {logging_mixin.py:154} INFO - [2025-05-20T00:13:59.316+0000] {dag.py:3722} INFO - Setting next_dagrun for data_pipeline to 2025-05-19T22:20:38.382870+00:00, run_after=2025-05-20T22:20:38.382870+00:00
[2025-05-20T00:13:59.419+0000] {processor.py:179} INFO - Processing /opt/airflow/dags/data_pipeline.py took 0.389 seconds
[2025-05-20T00:14:29.979+0000] {processor.py:157} INFO - Started process (PID=896) to work on /opt/airflow/dags/data_pipeline.py
[2025-05-20T00:14:29.982+0000] {processor.py:829} INFO - Processing file /opt/airflow/dags/data_pipeline.py for tasks to queue
[2025-05-20T00:14:29.986+0000] {logging_mixin.py:154} INFO - [2025-05-20T00:14:29.985+0000] {dagbag.py:536} INFO - Filling up the DagBag from /opt/airflow/dags/data_pipeline.py
[2025-05-20T00:14:30.063+0000] {processor.py:839} INFO - DAG(s) dict_keys(['data_pipeline']) retrieved from /opt/airflow/dags/data_pipeline.py
[2025-05-20T00:14:30.196+0000] {logging_mixin.py:154} INFO - [2025-05-20T00:14:30.196+0000] {dag.py:2941} INFO - Sync 1 DAGs
[2025-05-20T00:14:30.268+0000] {logging_mixin.py:154} INFO - [2025-05-20T00:14:30.267+0000] {dag.py:3722} INFO - Setting next_dagrun for data_pipeline to 2025-05-19T22:20:38.382870+00:00, run_after=2025-05-20T22:20:38.382870+00:00
[2025-05-20T00:14:30.339+0000] {processor.py:179} INFO - Processing /opt/airflow/dags/data_pipeline.py took 0.371 seconds
[2025-05-20T00:15:00.823+0000] {processor.py:157} INFO - Started process (PID=901) to work on /opt/airflow/dags/data_pipeline.py
[2025-05-20T00:15:00.825+0000] {processor.py:829} INFO - Processing file /opt/airflow/dags/data_pipeline.py for tasks to queue
[2025-05-20T00:15:00.828+0000] {logging_mixin.py:154} INFO - [2025-05-20T00:15:00.827+0000] {dagbag.py:536} INFO - Filling up the DagBag from /opt/airflow/dags/data_pipeline.py
[2025-05-20T00:15:00.888+0000] {processor.py:839} INFO - DAG(s) dict_keys(['data_pipeline']) retrieved from /opt/airflow/dags/data_pipeline.py
[2025-05-20T00:15:00.960+0000] {logging_mixin.py:154} INFO - [2025-05-20T00:15:00.959+0000] {dag.py:2941} INFO - Sync 1 DAGs
[2025-05-20T00:15:01.024+0000] {logging_mixin.py:154} INFO - [2025-05-20T00:15:01.023+0000] {dag.py:3722} INFO - Setting next_dagrun for data_pipeline to 2025-05-19T22:20:38.382870+00:00, run_after=2025-05-20T22:20:38.382870+00:00
[2025-05-20T00:15:01.079+0000] {processor.py:179} INFO - Processing /opt/airflow/dags/data_pipeline.py took 0.263 seconds
[2025-05-20T00:15:31.523+0000] {processor.py:157} INFO - Started process (PID=906) to work on /opt/airflow/dags/data_pipeline.py
[2025-05-20T00:15:31.529+0000] {processor.py:829} INFO - Processing file /opt/airflow/dags/data_pipeline.py for tasks to queue
[2025-05-20T00:15:31.534+0000] {logging_mixin.py:154} INFO - [2025-05-20T00:15:31.533+0000] {dagbag.py:536} INFO - Filling up the DagBag from /opt/airflow/dags/data_pipeline.py
[2025-05-20T00:15:31.625+0000] {processor.py:839} INFO - DAG(s) dict_keys(['data_pipeline']) retrieved from /opt/airflow/dags/data_pipeline.py
[2025-05-20T00:15:31.745+0000] {logging_mixin.py:154} INFO - [2025-05-20T00:15:31.744+0000] {dag.py:2941} INFO - Sync 1 DAGs
[2025-05-20T00:15:31.897+0000] {logging_mixin.py:154} INFO - [2025-05-20T00:15:31.896+0000] {dag.py:3722} INFO - Setting next_dagrun for data_pipeline to 2025-05-19T22:20:38.382870+00:00, run_after=2025-05-20T22:20:38.382870+00:00
[2025-05-20T00:15:31.970+0000] {processor.py:179} INFO - Processing /opt/airflow/dags/data_pipeline.py took 0.467 seconds
[2025-05-20T00:16:02.263+0000] {processor.py:157} INFO - Started process (PID=911) to work on /opt/airflow/dags/data_pipeline.py
[2025-05-20T00:16:02.266+0000] {processor.py:829} INFO - Processing file /opt/airflow/dags/data_pipeline.py for tasks to queue
[2025-05-20T00:16:02.269+0000] {logging_mixin.py:154} INFO - [2025-05-20T00:16:02.268+0000] {dagbag.py:536} INFO - Filling up the DagBag from /opt/airflow/dags/data_pipeline.py
[2025-05-20T00:16:02.345+0000] {processor.py:839} INFO - DAG(s) dict_keys(['data_pipeline']) retrieved from /opt/airflow/dags/data_pipeline.py
[2025-05-20T00:16:02.434+0000] {logging_mixin.py:154} INFO - [2025-05-20T00:16:02.433+0000] {dag.py:2941} INFO - Sync 1 DAGs
[2025-05-20T00:16:02.535+0000] {logging_mixin.py:154} INFO - [2025-05-20T00:16:02.534+0000] {dag.py:3722} INFO - Setting next_dagrun for data_pipeline to 2025-05-19T22:20:38.382870+00:00, run_after=2025-05-20T22:20:38.382870+00:00
[2025-05-20T00:16:02.629+0000] {processor.py:179} INFO - Processing /opt/airflow/dags/data_pipeline.py took 0.378 seconds
[2025-05-20T00:16:33.075+0000] {processor.py:157} INFO - Started process (PID=916) to work on /opt/airflow/dags/data_pipeline.py
[2025-05-20T00:16:33.079+0000] {processor.py:829} INFO - Processing file /opt/airflow/dags/data_pipeline.py for tasks to queue
[2025-05-20T00:16:33.084+0000] {logging_mixin.py:154} INFO - [2025-05-20T00:16:33.082+0000] {dagbag.py:536} INFO - Filling up the DagBag from /opt/airflow/dags/data_pipeline.py
[2025-05-20T00:16:33.187+0000] {processor.py:839} INFO - DAG(s) dict_keys(['data_pipeline']) retrieved from /opt/airflow/dags/data_pipeline.py
[2025-05-20T00:16:33.348+0000] {logging_mixin.py:154} INFO - [2025-05-20T00:16:33.347+0000] {dag.py:2941} INFO - Sync 1 DAGs
[2025-05-20T00:16:33.453+0000] {logging_mixin.py:154} INFO - [2025-05-20T00:16:33.451+0000] {dag.py:3722} INFO - Setting next_dagrun for data_pipeline to 2025-05-19T22:20:38.382870+00:00, run_after=2025-05-20T22:20:38.382870+00:00
[2025-05-20T00:16:33.536+0000] {processor.py:179} INFO - Processing /opt/airflow/dags/data_pipeline.py took 0.472 seconds
[2025-05-20T00:17:04.163+0000] {processor.py:157} INFO - Started process (PID=921) to work on /opt/airflow/dags/data_pipeline.py
[2025-05-20T00:17:04.166+0000] {processor.py:829} INFO - Processing file /opt/airflow/dags/data_pipeline.py for tasks to queue
[2025-05-20T00:17:04.171+0000] {logging_mixin.py:154} INFO - [2025-05-20T00:17:04.169+0000] {dagbag.py:536} INFO - Filling up the DagBag from /opt/airflow/dags/data_pipeline.py
[2025-05-20T00:17:04.241+0000] {processor.py:839} INFO - DAG(s) dict_keys(['data_pipeline']) retrieved from /opt/airflow/dags/data_pipeline.py
[2025-05-20T00:17:04.382+0000] {logging_mixin.py:154} INFO - [2025-05-20T00:17:04.382+0000] {dag.py:2941} INFO - Sync 1 DAGs
[2025-05-20T00:17:04.564+0000] {logging_mixin.py:154} INFO - [2025-05-20T00:17:04.563+0000] {dag.py:3722} INFO - Setting next_dagrun for data_pipeline to 2025-05-19T22:20:38.382870+00:00, run_after=2025-05-20T22:20:38.382870+00:00
[2025-05-20T00:17:04.669+0000] {processor.py:179} INFO - Processing /opt/airflow/dags/data_pipeline.py took 0.519 seconds
[2025-05-20T00:17:35.173+0000] {processor.py:157} INFO - Started process (PID=926) to work on /opt/airflow/dags/data_pipeline.py
[2025-05-20T00:17:35.178+0000] {processor.py:829} INFO - Processing file /opt/airflow/dags/data_pipeline.py for tasks to queue
[2025-05-20T00:17:35.183+0000] {logging_mixin.py:154} INFO - [2025-05-20T00:17:35.182+0000] {dagbag.py:536} INFO - Filling up the DagBag from /opt/airflow/dags/data_pipeline.py
[2025-05-20T00:17:35.277+0000] {processor.py:839} INFO - DAG(s) dict_keys(['data_pipeline']) retrieved from /opt/airflow/dags/data_pipeline.py
[2025-05-20T00:17:35.398+0000] {logging_mixin.py:154} INFO - [2025-05-20T00:17:35.398+0000] {dag.py:2941} INFO - Sync 1 DAGs
[2025-05-20T00:17:35.501+0000] {logging_mixin.py:154} INFO - [2025-05-20T00:17:35.500+0000] {dag.py:3722} INFO - Setting next_dagrun for data_pipeline to 2025-05-19T22:20:38.382870+00:00, run_after=2025-05-20T22:20:38.382870+00:00
[2025-05-20T00:17:35.585+0000] {processor.py:179} INFO - Processing /opt/airflow/dags/data_pipeline.py took 0.424 seconds
[2025-05-20T00:18:05.761+0000] {processor.py:157} INFO - Started process (PID=931) to work on /opt/airflow/dags/data_pipeline.py
[2025-05-20T00:18:05.765+0000] {processor.py:829} INFO - Processing file /opt/airflow/dags/data_pipeline.py for tasks to queue
[2025-05-20T00:18:05.768+0000] {logging_mixin.py:154} INFO - [2025-05-20T00:18:05.767+0000] {dagbag.py:536} INFO - Filling up the DagBag from /opt/airflow/dags/data_pipeline.py
[2025-05-20T00:18:05.835+0000] {processor.py:839} INFO - DAG(s) dict_keys(['data_pipeline']) retrieved from /opt/airflow/dags/data_pipeline.py
[2025-05-20T00:18:05.940+0000] {logging_mixin.py:154} INFO - [2025-05-20T00:18:05.939+0000] {dag.py:2941} INFO - Sync 1 DAGs
[2025-05-20T00:18:06.071+0000] {logging_mixin.py:154} INFO - [2025-05-20T00:18:06.070+0000] {dag.py:3722} INFO - Setting next_dagrun for data_pipeline to 2025-05-19T22:20:38.382870+00:00, run_after=2025-05-20T22:20:38.382870+00:00
[2025-05-20T00:18:06.136+0000] {processor.py:179} INFO - Processing /opt/airflow/dags/data_pipeline.py took 0.385 seconds
[2025-05-20T00:18:36.530+0000] {processor.py:157} INFO - Started process (PID=936) to work on /opt/airflow/dags/data_pipeline.py
[2025-05-20T00:18:36.534+0000] {processor.py:829} INFO - Processing file /opt/airflow/dags/data_pipeline.py for tasks to queue
[2025-05-20T00:18:36.538+0000] {logging_mixin.py:154} INFO - [2025-05-20T00:18:36.537+0000] {dagbag.py:536} INFO - Filling up the DagBag from /opt/airflow/dags/data_pipeline.py
[2025-05-20T00:18:36.614+0000] {processor.py:839} INFO - DAG(s) dict_keys(['data_pipeline']) retrieved from /opt/airflow/dags/data_pipeline.py
[2025-05-20T00:18:36.691+0000] {logging_mixin.py:154} INFO - [2025-05-20T00:18:36.690+0000] {dag.py:2941} INFO - Sync 1 DAGs
[2025-05-20T00:18:36.767+0000] {logging_mixin.py:154} INFO - [2025-05-20T00:18:36.766+0000] {dag.py:3722} INFO - Setting next_dagrun for data_pipeline to 2025-05-19T22:20:38.382870+00:00, run_after=2025-05-20T22:20:38.382870+00:00
[2025-05-20T00:18:36.828+0000] {processor.py:179} INFO - Processing /opt/airflow/dags/data_pipeline.py took 0.312 seconds
[2025-05-20T00:19:07.171+0000] {processor.py:157} INFO - Started process (PID=941) to work on /opt/airflow/dags/data_pipeline.py
[2025-05-20T00:19:07.178+0000] {processor.py:829} INFO - Processing file /opt/airflow/dags/data_pipeline.py for tasks to queue
[2025-05-20T00:19:07.183+0000] {logging_mixin.py:154} INFO - [2025-05-20T00:19:07.181+0000] {dagbag.py:536} INFO - Filling up the DagBag from /opt/airflow/dags/data_pipeline.py
[2025-05-20T00:19:07.295+0000] {processor.py:839} INFO - DAG(s) dict_keys(['data_pipeline']) retrieved from /opt/airflow/dags/data_pipeline.py
[2025-05-20T00:19:07.428+0000] {logging_mixin.py:154} INFO - [2025-05-20T00:19:07.428+0000] {dag.py:2941} INFO - Sync 1 DAGs
[2025-05-20T00:19:07.656+0000] {logging_mixin.py:154} INFO - [2025-05-20T00:19:07.655+0000] {dag.py:3722} INFO - Setting next_dagrun for data_pipeline to 2025-05-19T22:20:38.382870+00:00, run_after=2025-05-20T22:20:38.382870+00:00
[2025-05-20T00:19:07.752+0000] {processor.py:179} INFO - Processing /opt/airflow/dags/data_pipeline.py took 0.597 seconds
[2025-05-20T00:19:38.297+0000] {processor.py:157} INFO - Started process (PID=946) to work on /opt/airflow/dags/data_pipeline.py
[2025-05-20T00:19:38.300+0000] {processor.py:829} INFO - Processing file /opt/airflow/dags/data_pipeline.py for tasks to queue
[2025-05-20T00:19:38.303+0000] {logging_mixin.py:154} INFO - [2025-05-20T00:19:38.302+0000] {dagbag.py:536} INFO - Filling up the DagBag from /opt/airflow/dags/data_pipeline.py
[2025-05-20T00:19:38.386+0000] {processor.py:839} INFO - DAG(s) dict_keys(['data_pipeline']) retrieved from /opt/airflow/dags/data_pipeline.py
[2025-05-20T00:19:38.470+0000] {logging_mixin.py:154} INFO - [2025-05-20T00:19:38.470+0000] {dag.py:2941} INFO - Sync 1 DAGs
[2025-05-20T00:19:38.551+0000] {logging_mixin.py:154} INFO - [2025-05-20T00:19:38.550+0000] {dag.py:3722} INFO - Setting next_dagrun for data_pipeline to 2025-05-19T22:20:38.382870+00:00, run_after=2025-05-20T22:20:38.382870+00:00
[2025-05-20T00:19:38.629+0000] {processor.py:179} INFO - Processing /opt/airflow/dags/data_pipeline.py took 0.343 seconds
[2025-05-20T00:20:09.108+0000] {processor.py:157} INFO - Started process (PID=951) to work on /opt/airflow/dags/data_pipeline.py
[2025-05-20T00:20:09.111+0000] {processor.py:829} INFO - Processing file /opt/airflow/dags/data_pipeline.py for tasks to queue
[2025-05-20T00:20:09.115+0000] {logging_mixin.py:154} INFO - [2025-05-20T00:20:09.114+0000] {dagbag.py:536} INFO - Filling up the DagBag from /opt/airflow/dags/data_pipeline.py
[2025-05-20T00:20:09.192+0000] {processor.py:839} INFO - DAG(s) dict_keys(['data_pipeline']) retrieved from /opt/airflow/dags/data_pipeline.py
[2025-05-20T00:20:09.291+0000] {logging_mixin.py:154} INFO - [2025-05-20T00:20:09.290+0000] {dag.py:2941} INFO - Sync 1 DAGs
[2025-05-20T00:20:09.369+0000] {logging_mixin.py:154} INFO - [2025-05-20T00:20:09.369+0000] {dag.py:3722} INFO - Setting next_dagrun for data_pipeline to 2025-05-19T22:20:38.382870+00:00, run_after=2025-05-20T22:20:38.382870+00:00
[2025-05-20T00:20:09.448+0000] {processor.py:179} INFO - Processing /opt/airflow/dags/data_pipeline.py took 0.349 seconds
[2025-05-20T00:20:39.737+0000] {processor.py:157} INFO - Started process (PID=956) to work on /opt/airflow/dags/data_pipeline.py
[2025-05-20T00:20:39.742+0000] {processor.py:829} INFO - Processing file /opt/airflow/dags/data_pipeline.py for tasks to queue
[2025-05-20T00:20:39.747+0000] {logging_mixin.py:154} INFO - [2025-05-20T00:20:39.746+0000] {dagbag.py:536} INFO - Filling up the DagBag from /opt/airflow/dags/data_pipeline.py
[2025-05-20T00:20:39.860+0000] {processor.py:839} INFO - DAG(s) dict_keys(['data_pipeline']) retrieved from /opt/airflow/dags/data_pipeline.py
[2025-05-20T00:20:40.003+0000] {logging_mixin.py:154} INFO - [2025-05-20T00:20:40.002+0000] {dag.py:2941} INFO - Sync 1 DAGs
[2025-05-20T00:20:40.109+0000] {logging_mixin.py:154} INFO - [2025-05-20T00:20:40.108+0000] {dag.py:3722} INFO - Setting next_dagrun for data_pipeline to 2025-05-19T22:20:38.382870+00:00, run_after=2025-05-20T22:20:38.382870+00:00
[2025-05-20T00:20:40.194+0000] {processor.py:179} INFO - Processing /opt/airflow/dags/data_pipeline.py took 0.475 seconds
[2025-05-20T00:21:10.374+0000] {processor.py:157} INFO - Started process (PID=961) to work on /opt/airflow/dags/data_pipeline.py
[2025-05-20T00:21:10.376+0000] {processor.py:829} INFO - Processing file /opt/airflow/dags/data_pipeline.py for tasks to queue
[2025-05-20T00:21:10.378+0000] {logging_mixin.py:154} INFO - [2025-05-20T00:21:10.377+0000] {dagbag.py:536} INFO - Filling up the DagBag from /opt/airflow/dags/data_pipeline.py
[2025-05-20T00:21:10.437+0000] {processor.py:839} INFO - DAG(s) dict_keys(['data_pipeline']) retrieved from /opt/airflow/dags/data_pipeline.py
[2025-05-20T00:21:10.514+0000] {logging_mixin.py:154} INFO - [2025-05-20T00:21:10.509+0000] {dag.py:2941} INFO - Sync 1 DAGs
[2025-05-20T00:21:10.606+0000] {logging_mixin.py:154} INFO - [2025-05-20T00:21:10.606+0000] {dag.py:3722} INFO - Setting next_dagrun for data_pipeline to 2025-05-19T22:20:38.382870+00:00, run_after=2025-05-20T22:20:38.382870+00:00
[2025-05-20T00:21:10.666+0000] {processor.py:179} INFO - Processing /opt/airflow/dags/data_pipeline.py took 0.299 seconds
[2025-05-20T00:21:41.039+0000] {processor.py:157} INFO - Started process (PID=966) to work on /opt/airflow/dags/data_pipeline.py
[2025-05-20T00:21:41.042+0000] {processor.py:829} INFO - Processing file /opt/airflow/dags/data_pipeline.py for tasks to queue
[2025-05-20T00:21:41.046+0000] {logging_mixin.py:154} INFO - [2025-05-20T00:21:41.044+0000] {dagbag.py:536} INFO - Filling up the DagBag from /opt/airflow/dags/data_pipeline.py
[2025-05-20T00:21:41.120+0000] {processor.py:839} INFO - DAG(s) dict_keys(['data_pipeline']) retrieved from /opt/airflow/dags/data_pipeline.py
[2025-05-20T00:21:41.214+0000] {logging_mixin.py:154} INFO - [2025-05-20T00:21:41.213+0000] {dag.py:2941} INFO - Sync 1 DAGs
[2025-05-20T00:21:41.296+0000] {logging_mixin.py:154} INFO - [2025-05-20T00:21:41.295+0000] {dag.py:3722} INFO - Setting next_dagrun for data_pipeline to 2025-05-19T22:20:38.382870+00:00, run_after=2025-05-20T22:20:38.382870+00:00
[2025-05-20T00:21:41.363+0000] {processor.py:179} INFO - Processing /opt/airflow/dags/data_pipeline.py took 0.333 seconds
[2025-05-20T00:22:11.517+0000] {processor.py:157} INFO - Started process (PID=971) to work on /opt/airflow/dags/data_pipeline.py
[2025-05-20T00:22:11.520+0000] {processor.py:829} INFO - Processing file /opt/airflow/dags/data_pipeline.py for tasks to queue
[2025-05-20T00:22:11.523+0000] {logging_mixin.py:154} INFO - [2025-05-20T00:22:11.522+0000] {dagbag.py:536} INFO - Filling up the DagBag from /opt/airflow/dags/data_pipeline.py
[2025-05-20T00:22:11.609+0000] {processor.py:839} INFO - DAG(s) dict_keys(['data_pipeline']) retrieved from /opt/airflow/dags/data_pipeline.py
[2025-05-20T00:22:11.708+0000] {logging_mixin.py:154} INFO - [2025-05-20T00:22:11.708+0000] {dag.py:2941} INFO - Sync 1 DAGs
[2025-05-20T00:22:11.793+0000] {logging_mixin.py:154} INFO - [2025-05-20T00:22:11.793+0000] {dag.py:3722} INFO - Setting next_dagrun for data_pipeline to 2025-05-19T22:20:38.382870+00:00, run_after=2025-05-20T22:20:38.382870+00:00
[2025-05-20T00:22:11.868+0000] {processor.py:179} INFO - Processing /opt/airflow/dags/data_pipeline.py took 0.363 seconds
[2025-05-20T00:22:42.256+0000] {processor.py:157} INFO - Started process (PID=976) to work on /opt/airflow/dags/data_pipeline.py
[2025-05-20T00:22:42.259+0000] {processor.py:829} INFO - Processing file /opt/airflow/dags/data_pipeline.py for tasks to queue
[2025-05-20T00:22:42.262+0000] {logging_mixin.py:154} INFO - [2025-05-20T00:22:42.261+0000] {dagbag.py:536} INFO - Filling up the DagBag from /opt/airflow/dags/data_pipeline.py
[2025-05-20T00:22:42.320+0000] {processor.py:839} INFO - DAG(s) dict_keys(['data_pipeline']) retrieved from /opt/airflow/dags/data_pipeline.py
[2025-05-20T00:22:42.384+0000] {logging_mixin.py:154} INFO - [2025-05-20T00:22:42.384+0000] {dag.py:2941} INFO - Sync 1 DAGs
[2025-05-20T00:22:42.442+0000] {logging_mixin.py:154} INFO - [2025-05-20T00:22:42.441+0000] {dag.py:3722} INFO - Setting next_dagrun for data_pipeline to 2025-05-19T22:20:38.382870+00:00, run_after=2025-05-20T22:20:38.382870+00:00
[2025-05-20T00:22:42.496+0000] {processor.py:179} INFO - Processing /opt/airflow/dags/data_pipeline.py took 0.247 seconds
[2025-05-20T00:23:12.756+0000] {processor.py:157} INFO - Started process (PID=981) to work on /opt/airflow/dags/data_pipeline.py
[2025-05-20T00:23:12.760+0000] {processor.py:829} INFO - Processing file /opt/airflow/dags/data_pipeline.py for tasks to queue
[2025-05-20T00:23:12.763+0000] {logging_mixin.py:154} INFO - [2025-05-20T00:23:12.762+0000] {dagbag.py:536} INFO - Filling up the DagBag from /opt/airflow/dags/data_pipeline.py
[2025-05-20T00:23:12.830+0000] {processor.py:839} INFO - DAG(s) dict_keys(['data_pipeline']) retrieved from /opt/airflow/dags/data_pipeline.py
[2025-05-20T00:23:12.928+0000] {logging_mixin.py:154} INFO - [2025-05-20T00:23:12.928+0000] {dag.py:2941} INFO - Sync 1 DAGs
[2025-05-20T00:23:12.986+0000] {logging_mixin.py:154} INFO - [2025-05-20T00:23:12.986+0000] {dag.py:3722} INFO - Setting next_dagrun for data_pipeline to 2025-05-19T22:20:38.382870+00:00, run_after=2025-05-20T22:20:38.382870+00:00
[2025-05-20T00:23:13.053+0000] {processor.py:179} INFO - Processing /opt/airflow/dags/data_pipeline.py took 0.305 seconds
[2025-05-20T00:23:43.470+0000] {processor.py:157} INFO - Started process (PID=986) to work on /opt/airflow/dags/data_pipeline.py
[2025-05-20T00:23:43.472+0000] {processor.py:829} INFO - Processing file /opt/airflow/dags/data_pipeline.py for tasks to queue
[2025-05-20T00:23:43.474+0000] {logging_mixin.py:154} INFO - [2025-05-20T00:23:43.474+0000] {dagbag.py:536} INFO - Filling up the DagBag from /opt/airflow/dags/data_pipeline.py
[2025-05-20T00:23:43.561+0000] {processor.py:839} INFO - DAG(s) dict_keys(['data_pipeline']) retrieved from /opt/airflow/dags/data_pipeline.py
[2025-05-20T00:23:43.638+0000] {logging_mixin.py:154} INFO - [2025-05-20T00:23:43.638+0000] {dag.py:2941} INFO - Sync 1 DAGs
[2025-05-20T00:23:43.724+0000] {logging_mixin.py:154} INFO - [2025-05-20T00:23:43.724+0000] {dag.py:3722} INFO - Setting next_dagrun for data_pipeline to 2025-05-19T22:20:38.382870+00:00, run_after=2025-05-20T22:20:38.382870+00:00
[2025-05-20T00:23:43.790+0000] {processor.py:179} INFO - Processing /opt/airflow/dags/data_pipeline.py took 0.331 seconds
[2025-05-20T00:24:13.928+0000] {processor.py:157} INFO - Started process (PID=991) to work on /opt/airflow/dags/data_pipeline.py
[2025-05-20T00:24:13.932+0000] {processor.py:829} INFO - Processing file /opt/airflow/dags/data_pipeline.py for tasks to queue
[2025-05-20T00:24:13.936+0000] {logging_mixin.py:154} INFO - [2025-05-20T00:24:13.935+0000] {dagbag.py:536} INFO - Filling up the DagBag from /opt/airflow/dags/data_pipeline.py
[2025-05-20T00:24:14.049+0000] {processor.py:839} INFO - DAG(s) dict_keys(['data_pipeline']) retrieved from /opt/airflow/dags/data_pipeline.py
[2025-05-20T00:24:14.123+0000] {logging_mixin.py:154} INFO - [2025-05-20T00:24:14.122+0000] {dag.py:2941} INFO - Sync 1 DAGs
[2025-05-20T00:24:14.186+0000] {logging_mixin.py:154} INFO - [2025-05-20T00:24:14.186+0000] {dag.py:3722} INFO - Setting next_dagrun for data_pipeline to 2025-05-19T22:20:38.382870+00:00, run_after=2025-05-20T22:20:38.382870+00:00
[2025-05-20T00:24:14.302+0000] {processor.py:179} INFO - Processing /opt/airflow/dags/data_pipeline.py took 0.386 seconds
[2025-05-20T00:24:44.712+0000] {processor.py:157} INFO - Started process (PID=996) to work on /opt/airflow/dags/data_pipeline.py
[2025-05-20T00:24:44.717+0000] {processor.py:829} INFO - Processing file /opt/airflow/dags/data_pipeline.py for tasks to queue
[2025-05-20T00:24:44.723+0000] {logging_mixin.py:154} INFO - [2025-05-20T00:24:44.722+0000] {dagbag.py:536} INFO - Filling up the DagBag from /opt/airflow/dags/data_pipeline.py
[2025-05-20T00:24:44.818+0000] {processor.py:839} INFO - DAG(s) dict_keys(['data_pipeline']) retrieved from /opt/airflow/dags/data_pipeline.py
[2025-05-20T00:24:44.922+0000] {logging_mixin.py:154} INFO - [2025-05-20T00:24:44.921+0000] {dag.py:2941} INFO - Sync 1 DAGs
[2025-05-20T00:24:45.039+0000] {logging_mixin.py:154} INFO - [2025-05-20T00:24:45.037+0000] {dag.py:3722} INFO - Setting next_dagrun for data_pipeline to 2025-05-19T22:20:38.382870+00:00, run_after=2025-05-20T22:20:38.382870+00:00
[2025-05-20T00:24:45.145+0000] {processor.py:179} INFO - Processing /opt/airflow/dags/data_pipeline.py took 0.446 seconds
[2025-05-20T00:25:15.608+0000] {processor.py:157} INFO - Started process (PID=1001) to work on /opt/airflow/dags/data_pipeline.py
[2025-05-20T00:25:15.617+0000] {processor.py:829} INFO - Processing file /opt/airflow/dags/data_pipeline.py for tasks to queue
[2025-05-20T00:25:15.622+0000] {logging_mixin.py:154} INFO - [2025-05-20T00:25:15.620+0000] {dagbag.py:536} INFO - Filling up the DagBag from /opt/airflow/dags/data_pipeline.py
[2025-05-20T00:25:15.723+0000] {processor.py:839} INFO - DAG(s) dict_keys(['data_pipeline']) retrieved from /opt/airflow/dags/data_pipeline.py
[2025-05-20T00:25:15.801+0000] {logging_mixin.py:154} INFO - [2025-05-20T00:25:15.801+0000] {dag.py:2941} INFO - Sync 1 DAGs
[2025-05-20T00:25:15.858+0000] {logging_mixin.py:154} INFO - [2025-05-20T00:25:15.858+0000] {dag.py:3722} INFO - Setting next_dagrun for data_pipeline to 2025-05-19T22:20:38.382870+00:00, run_after=2025-05-20T22:20:38.382870+00:00
[2025-05-20T00:25:15.921+0000] {processor.py:179} INFO - Processing /opt/airflow/dags/data_pipeline.py took 0.324 seconds
[2025-05-20T00:25:46.347+0000] {processor.py:157} INFO - Started process (PID=1006) to work on /opt/airflow/dags/data_pipeline.py
[2025-05-20T00:25:46.351+0000] {processor.py:829} INFO - Processing file /opt/airflow/dags/data_pipeline.py for tasks to queue
[2025-05-20T00:25:46.357+0000] {logging_mixin.py:154} INFO - [2025-05-20T00:25:46.355+0000] {dagbag.py:536} INFO - Filling up the DagBag from /opt/airflow/dags/data_pipeline.py
[2025-05-20T00:25:46.425+0000] {processor.py:839} INFO - DAG(s) dict_keys(['data_pipeline']) retrieved from /opt/airflow/dags/data_pipeline.py
[2025-05-20T00:25:46.497+0000] {logging_mixin.py:154} INFO - [2025-05-20T00:25:46.497+0000] {dag.py:2941} INFO - Sync 1 DAGs
[2025-05-20T00:25:46.562+0000] {logging_mixin.py:154} INFO - [2025-05-20T00:25:46.562+0000] {dag.py:3722} INFO - Setting next_dagrun for data_pipeline to 2025-05-19T22:20:38.382870+00:00, run_after=2025-05-20T22:20:38.382870+00:00
[2025-05-20T00:25:46.619+0000] {processor.py:179} INFO - Processing /opt/airflow/dags/data_pipeline.py took 0.285 seconds
[2025-05-20T00:26:16.803+0000] {processor.py:157} INFO - Started process (PID=1011) to work on /opt/airflow/dags/data_pipeline.py
[2025-05-20T00:26:16.806+0000] {processor.py:829} INFO - Processing file /opt/airflow/dags/data_pipeline.py for tasks to queue
[2025-05-20T00:26:16.808+0000] {logging_mixin.py:154} INFO - [2025-05-20T00:26:16.808+0000] {dagbag.py:536} INFO - Filling up the DagBag from /opt/airflow/dags/data_pipeline.py
[2025-05-20T00:26:16.884+0000] {processor.py:839} INFO - DAG(s) dict_keys(['data_pipeline']) retrieved from /opt/airflow/dags/data_pipeline.py
[2025-05-20T00:26:16.975+0000] {logging_mixin.py:154} INFO - [2025-05-20T00:26:16.974+0000] {dag.py:2941} INFO - Sync 1 DAGs
[2025-05-20T00:26:17.058+0000] {logging_mixin.py:154} INFO - [2025-05-20T00:26:17.057+0000] {dag.py:3722} INFO - Setting next_dagrun for data_pipeline to 2025-05-19T22:20:38.382870+00:00, run_after=2025-05-20T22:20:38.382870+00:00
[2025-05-20T00:26:17.133+0000] {processor.py:179} INFO - Processing /opt/airflow/dags/data_pipeline.py took 0.337 seconds
[2025-05-20T00:26:47.537+0000] {processor.py:157} INFO - Started process (PID=1016) to work on /opt/airflow/dags/data_pipeline.py
[2025-05-20T00:26:47.540+0000] {processor.py:829} INFO - Processing file /opt/airflow/dags/data_pipeline.py for tasks to queue
[2025-05-20T00:26:47.543+0000] {logging_mixin.py:154} INFO - [2025-05-20T00:26:47.542+0000] {dagbag.py:536} INFO - Filling up the DagBag from /opt/airflow/dags/data_pipeline.py
[2025-05-20T00:26:47.614+0000] {processor.py:839} INFO - DAG(s) dict_keys(['data_pipeline']) retrieved from /opt/airflow/dags/data_pipeline.py
[2025-05-20T00:26:47.716+0000] {logging_mixin.py:154} INFO - [2025-05-20T00:26:47.716+0000] {dag.py:2941} INFO - Sync 1 DAGs
[2025-05-20T00:26:47.806+0000] {logging_mixin.py:154} INFO - [2025-05-20T00:26:47.805+0000] {dag.py:3722} INFO - Setting next_dagrun for data_pipeline to 2025-05-19T22:20:38.382870+00:00, run_after=2025-05-20T22:20:38.382870+00:00
[2025-05-20T00:26:47.888+0000] {processor.py:179} INFO - Processing /opt/airflow/dags/data_pipeline.py took 0.365 seconds
[2025-05-20T00:27:18.200+0000] {processor.py:157} INFO - Started process (PID=1021) to work on /opt/airflow/dags/data_pipeline.py
[2025-05-20T00:27:18.205+0000] {processor.py:829} INFO - Processing file /opt/airflow/dags/data_pipeline.py for tasks to queue
[2025-05-20T00:27:18.210+0000] {logging_mixin.py:154} INFO - [2025-05-20T00:27:18.209+0000] {dagbag.py:536} INFO - Filling up the DagBag from /opt/airflow/dags/data_pipeline.py
[2025-05-20T00:27:18.347+0000] {processor.py:839} INFO - DAG(s) dict_keys(['data_pipeline']) retrieved from /opt/airflow/dags/data_pipeline.py
[2025-05-20T00:27:18.497+0000] {logging_mixin.py:154} INFO - [2025-05-20T00:27:18.497+0000] {dag.py:2941} INFO - Sync 1 DAGs
[2025-05-20T00:27:18.605+0000] {logging_mixin.py:154} INFO - [2025-05-20T00:27:18.605+0000] {dag.py:3722} INFO - Setting next_dagrun for data_pipeline to 2025-05-19T22:20:38.382870+00:00, run_after=2025-05-20T22:20:38.382870+00:00
[2025-05-20T00:27:18.690+0000] {processor.py:179} INFO - Processing /opt/airflow/dags/data_pipeline.py took 0.509 seconds
[2025-05-20T00:27:49.017+0000] {processor.py:157} INFO - Started process (PID=1026) to work on /opt/airflow/dags/data_pipeline.py
[2025-05-20T00:27:49.020+0000] {processor.py:829} INFO - Processing file /opt/airflow/dags/data_pipeline.py for tasks to queue
[2025-05-20T00:27:49.024+0000] {logging_mixin.py:154} INFO - [2025-05-20T00:27:49.023+0000] {dagbag.py:536} INFO - Filling up the DagBag from /opt/airflow/dags/data_pipeline.py
[2025-05-20T00:27:49.101+0000] {processor.py:839} INFO - DAG(s) dict_keys(['data_pipeline']) retrieved from /opt/airflow/dags/data_pipeline.py
[2025-05-20T00:27:49.213+0000] {logging_mixin.py:154} INFO - [2025-05-20T00:27:49.211+0000] {dag.py:2941} INFO - Sync 1 DAGs
[2025-05-20T00:27:49.306+0000] {logging_mixin.py:154} INFO - [2025-05-20T00:27:49.305+0000] {dag.py:3722} INFO - Setting next_dagrun for data_pipeline to 2025-05-19T22:20:38.382870+00:00, run_after=2025-05-20T22:20:38.382870+00:00
[2025-05-20T00:27:49.381+0000] {processor.py:179} INFO - Processing /opt/airflow/dags/data_pipeline.py took 0.378 seconds
[2025-05-20T00:28:19.804+0000] {processor.py:157} INFO - Started process (PID=1031) to work on /opt/airflow/dags/data_pipeline.py
[2025-05-20T00:28:19.807+0000] {processor.py:829} INFO - Processing file /opt/airflow/dags/data_pipeline.py for tasks to queue
[2025-05-20T00:28:19.813+0000] {logging_mixin.py:154} INFO - [2025-05-20T00:28:19.810+0000] {dagbag.py:536} INFO - Filling up the DagBag from /opt/airflow/dags/data_pipeline.py
[2025-05-20T00:28:19.891+0000] {processor.py:839} INFO - DAG(s) dict_keys(['data_pipeline']) retrieved from /opt/airflow/dags/data_pipeline.py
[2025-05-20T00:28:20.007+0000] {logging_mixin.py:154} INFO - [2025-05-20T00:28:20.006+0000] {dag.py:2941} INFO - Sync 1 DAGs
[2025-05-20T00:28:20.141+0000] {logging_mixin.py:154} INFO - [2025-05-20T00:28:20.140+0000] {dag.py:3722} INFO - Setting next_dagrun for data_pipeline to 2025-05-19T22:20:38.382870+00:00, run_after=2025-05-20T22:20:38.382870+00:00
[2025-05-20T00:28:20.240+0000] {processor.py:179} INFO - Processing /opt/airflow/dags/data_pipeline.py took 0.451 seconds
[2025-05-20T00:28:50.463+0000] {processor.py:157} INFO - Started process (PID=1036) to work on /opt/airflow/dags/data_pipeline.py
[2025-05-20T00:28:50.468+0000] {processor.py:829} INFO - Processing file /opt/airflow/dags/data_pipeline.py for tasks to queue
[2025-05-20T00:28:50.473+0000] {logging_mixin.py:154} INFO - [2025-05-20T00:28:50.472+0000] {dagbag.py:536} INFO - Filling up the DagBag from /opt/airflow/dags/data_pipeline.py
[2025-05-20T00:28:50.618+0000] {processor.py:839} INFO - DAG(s) dict_keys(['data_pipeline']) retrieved from /opt/airflow/dags/data_pipeline.py
[2025-05-20T00:28:50.769+0000] {logging_mixin.py:154} INFO - [2025-05-20T00:28:50.767+0000] {dag.py:2941} INFO - Sync 1 DAGs
[2025-05-20T00:28:50.890+0000] {logging_mixin.py:154} INFO - [2025-05-20T00:28:50.890+0000] {dag.py:3722} INFO - Setting next_dagrun for data_pipeline to 2025-05-19T22:20:38.382870+00:00, run_after=2025-05-20T22:20:38.382870+00:00
[2025-05-20T00:28:50.974+0000] {processor.py:179} INFO - Processing /opt/airflow/dags/data_pipeline.py took 0.532 seconds
[2025-05-20T00:29:21.273+0000] {processor.py:157} INFO - Started process (PID=1041) to work on /opt/airflow/dags/data_pipeline.py
[2025-05-20T00:29:21.277+0000] {processor.py:829} INFO - Processing file /opt/airflow/dags/data_pipeline.py for tasks to queue
[2025-05-20T00:29:21.284+0000] {logging_mixin.py:154} INFO - [2025-05-20T00:29:21.282+0000] {dagbag.py:536} INFO - Filling up the DagBag from /opt/airflow/dags/data_pipeline.py
[2025-05-20T00:29:21.401+0000] {processor.py:839} INFO - DAG(s) dict_keys(['data_pipeline']) retrieved from /opt/airflow/dags/data_pipeline.py
[2025-05-20T00:29:21.509+0000] {logging_mixin.py:154} INFO - [2025-05-20T00:29:21.508+0000] {dag.py:2941} INFO - Sync 1 DAGs
[2025-05-20T00:29:21.625+0000] {logging_mixin.py:154} INFO - [2025-05-20T00:29:21.623+0000] {dag.py:3722} INFO - Setting next_dagrun for data_pipeline to 2025-05-19T22:20:38.382870+00:00, run_after=2025-05-20T22:20:38.382870+00:00
[2025-05-20T00:29:21.729+0000] {processor.py:179} INFO - Processing /opt/airflow/dags/data_pipeline.py took 0.479 seconds
[2025-05-20T00:29:51.940+0000] {processor.py:157} INFO - Started process (PID=1046) to work on /opt/airflow/dags/data_pipeline.py
[2025-05-20T00:29:51.946+0000] {processor.py:829} INFO - Processing file /opt/airflow/dags/data_pipeline.py for tasks to queue
[2025-05-20T00:29:51.952+0000] {logging_mixin.py:154} INFO - [2025-05-20T00:29:51.950+0000] {dagbag.py:536} INFO - Filling up the DagBag from /opt/airflow/dags/data_pipeline.py
[2025-05-20T00:29:52.031+0000] {processor.py:839} INFO - DAG(s) dict_keys(['data_pipeline']) retrieved from /opt/airflow/dags/data_pipeline.py
[2025-05-20T00:29:52.138+0000] {logging_mixin.py:154} INFO - [2025-05-20T00:29:52.137+0000] {dag.py:2941} INFO - Sync 1 DAGs
[2025-05-20T00:29:52.248+0000] {logging_mixin.py:154} INFO - [2025-05-20T00:29:52.247+0000] {dag.py:3722} INFO - Setting next_dagrun for data_pipeline to 2025-05-19T22:20:38.382870+00:00, run_after=2025-05-20T22:20:38.382870+00:00
[2025-05-20T00:29:52.325+0000] {processor.py:179} INFO - Processing /opt/airflow/dags/data_pipeline.py took 0.405 seconds
[2025-05-20T00:30:22.702+0000] {processor.py:157} INFO - Started process (PID=1078) to work on /opt/airflow/dags/data_pipeline.py
[2025-05-20T00:30:22.704+0000] {processor.py:829} INFO - Processing file /opt/airflow/dags/data_pipeline.py for tasks to queue
[2025-05-20T00:30:22.707+0000] {logging_mixin.py:154} INFO - [2025-05-20T00:30:22.706+0000] {dagbag.py:536} INFO - Filling up the DagBag from /opt/airflow/dags/data_pipeline.py
[2025-05-20T00:30:22.769+0000] {processor.py:839} INFO - DAG(s) dict_keys(['data_pipeline']) retrieved from /opt/airflow/dags/data_pipeline.py
[2025-05-20T00:30:22.933+0000] {logging_mixin.py:154} INFO - [2025-05-20T00:30:22.932+0000] {dag.py:2941} INFO - Sync 1 DAGs
[2025-05-20T00:30:23.039+0000] {logging_mixin.py:154} INFO - [2025-05-20T00:30:23.038+0000] {dag.py:3722} INFO - Setting next_dagrun for data_pipeline to 2025-05-20T00:30:10.683323+00:00, run_after=2025-05-21T00:30:10.683323+00:00
[2025-05-20T00:30:23.124+0000] {processor.py:179} INFO - Processing /opt/airflow/dags/data_pipeline.py took 0.432 seconds
[2025-05-20T00:30:53.680+0000] {processor.py:157} INFO - Started process (PID=1083) to work on /opt/airflow/dags/data_pipeline.py
[2025-05-20T00:30:53.682+0000] {processor.py:829} INFO - Processing file /opt/airflow/dags/data_pipeline.py for tasks to queue
[2025-05-20T00:30:53.685+0000] {logging_mixin.py:154} INFO - [2025-05-20T00:30:53.684+0000] {dagbag.py:536} INFO - Filling up the DagBag from /opt/airflow/dags/data_pipeline.py
[2025-05-20T00:30:53.752+0000] {processor.py:839} INFO - DAG(s) dict_keys(['data_pipeline']) retrieved from /opt/airflow/dags/data_pipeline.py
[2025-05-20T00:30:53.852+0000] {logging_mixin.py:154} INFO - [2025-05-20T00:30:53.851+0000] {dag.py:2941} INFO - Sync 1 DAGs
[2025-05-20T00:30:53.965+0000] {logging_mixin.py:154} INFO - [2025-05-20T00:30:53.965+0000] {dag.py:3722} INFO - Setting next_dagrun for data_pipeline to 2025-05-20T00:30:10.683323+00:00, run_after=2025-05-21T00:30:10.683323+00:00
[2025-05-20T00:30:54.037+0000] {processor.py:179} INFO - Processing /opt/airflow/dags/data_pipeline.py took 0.365 seconds
[2025-05-20T00:31:24.206+0000] {processor.py:157} INFO - Started process (PID=1088) to work on /opt/airflow/dags/data_pipeline.py
[2025-05-20T00:31:24.210+0000] {processor.py:829} INFO - Processing file /opt/airflow/dags/data_pipeline.py for tasks to queue
[2025-05-20T00:31:24.215+0000] {logging_mixin.py:154} INFO - [2025-05-20T00:31:24.214+0000] {dagbag.py:536} INFO - Filling up the DagBag from /opt/airflow/dags/data_pipeline.py
[2025-05-20T00:31:24.315+0000] {processor.py:839} INFO - DAG(s) dict_keys(['data_pipeline']) retrieved from /opt/airflow/dags/data_pipeline.py
[2025-05-20T00:31:24.440+0000] {logging_mixin.py:154} INFO - [2025-05-20T00:31:24.439+0000] {dag.py:2941} INFO - Sync 1 DAGs
[2025-05-20T00:31:24.539+0000] {logging_mixin.py:154} INFO - [2025-05-20T00:31:24.539+0000] {dag.py:3722} INFO - Setting next_dagrun for data_pipeline to 2025-05-20T00:30:10.683323+00:00, run_after=2025-05-21T00:30:10.683323+00:00
[2025-05-20T00:31:24.657+0000] {processor.py:179} INFO - Processing /opt/airflow/dags/data_pipeline.py took 0.464 seconds
[2025-05-20T00:31:54.931+0000] {processor.py:157} INFO - Started process (PID=1093) to work on /opt/airflow/dags/data_pipeline.py
[2025-05-20T00:31:54.934+0000] {processor.py:829} INFO - Processing file /opt/airflow/dags/data_pipeline.py for tasks to queue
[2025-05-20T00:31:54.947+0000] {logging_mixin.py:154} INFO - [2025-05-20T00:31:54.946+0000] {dagbag.py:536} INFO - Filling up the DagBag from /opt/airflow/dags/data_pipeline.py
[2025-05-20T00:31:55.068+0000] {processor.py:839} INFO - DAG(s) dict_keys(['data_pipeline']) retrieved from /opt/airflow/dags/data_pipeline.py
[2025-05-20T00:31:55.148+0000] {logging_mixin.py:154} INFO - [2025-05-20T00:31:55.148+0000] {dag.py:2941} INFO - Sync 1 DAGs
[2025-05-20T00:31:55.238+0000] {logging_mixin.py:154} INFO - [2025-05-20T00:31:55.237+0000] {dag.py:3722} INFO - Setting next_dagrun for data_pipeline to 2025-05-20T00:30:10.683323+00:00, run_after=2025-05-21T00:30:10.683323+00:00
[2025-05-20T00:31:55.336+0000] {processor.py:179} INFO - Processing /opt/airflow/dags/data_pipeline.py took 0.416 seconds
[2025-05-20T00:32:25.622+0000] {processor.py:157} INFO - Started process (PID=1098) to work on /opt/airflow/dags/data_pipeline.py
[2025-05-20T00:32:25.625+0000] {processor.py:829} INFO - Processing file /opt/airflow/dags/data_pipeline.py for tasks to queue
[2025-05-20T00:32:25.629+0000] {logging_mixin.py:154} INFO - [2025-05-20T00:32:25.628+0000] {dagbag.py:536} INFO - Filling up the DagBag from /opt/airflow/dags/data_pipeline.py
[2025-05-20T00:32:25.717+0000] {processor.py:839} INFO - DAG(s) dict_keys(['data_pipeline']) retrieved from /opt/airflow/dags/data_pipeline.py
[2025-05-20T00:32:25.821+0000] {logging_mixin.py:154} INFO - [2025-05-20T00:32:25.820+0000] {dag.py:2941} INFO - Sync 1 DAGs
[2025-05-20T00:32:25.910+0000] {logging_mixin.py:154} INFO - [2025-05-20T00:32:25.909+0000] {dag.py:3722} INFO - Setting next_dagrun for data_pipeline to 2025-05-20T00:30:10.683323+00:00, run_after=2025-05-21T00:30:10.683323+00:00
[2025-05-20T00:32:25.992+0000] {processor.py:179} INFO - Processing /opt/airflow/dags/data_pipeline.py took 0.384 seconds
[2025-05-20T00:32:56.214+0000] {processor.py:157} INFO - Started process (PID=1103) to work on /opt/airflow/dags/data_pipeline.py
[2025-05-20T00:32:56.218+0000] {processor.py:829} INFO - Processing file /opt/airflow/dags/data_pipeline.py for tasks to queue
[2025-05-20T00:32:56.221+0000] {logging_mixin.py:154} INFO - [2025-05-20T00:32:56.220+0000] {dagbag.py:536} INFO - Filling up the DagBag from /opt/airflow/dags/data_pipeline.py
[2025-05-20T00:32:56.310+0000] {processor.py:839} INFO - DAG(s) dict_keys(['data_pipeline']) retrieved from /opt/airflow/dags/data_pipeline.py
[2025-05-20T00:32:56.372+0000] {logging_mixin.py:154} INFO - [2025-05-20T00:32:56.371+0000] {dag.py:2941} INFO - Sync 1 DAGs
[2025-05-20T00:32:56.428+0000] {logging_mixin.py:154} INFO - [2025-05-20T00:32:56.427+0000] {dag.py:3722} INFO - Setting next_dagrun for data_pipeline to 2025-05-20T00:30:10.683323+00:00, run_after=2025-05-21T00:30:10.683323+00:00
[2025-05-20T00:32:56.489+0000] {processor.py:179} INFO - Processing /opt/airflow/dags/data_pipeline.py took 0.288 seconds
[2025-05-20T00:33:26.853+0000] {processor.py:157} INFO - Started process (PID=1108) to work on /opt/airflow/dags/data_pipeline.py
[2025-05-20T00:33:26.856+0000] {processor.py:829} INFO - Processing file /opt/airflow/dags/data_pipeline.py for tasks to queue
[2025-05-20T00:33:26.859+0000] {logging_mixin.py:154} INFO - [2025-05-20T00:33:26.858+0000] {dagbag.py:536} INFO - Filling up the DagBag from /opt/airflow/dags/data_pipeline.py
[2025-05-20T00:33:26.922+0000] {processor.py:839} INFO - DAG(s) dict_keys(['data_pipeline']) retrieved from /opt/airflow/dags/data_pipeline.py
[2025-05-20T00:33:26.982+0000] {logging_mixin.py:154} INFO - [2025-05-20T00:33:26.982+0000] {dag.py:2941} INFO - Sync 1 DAGs
[2025-05-20T00:33:27.039+0000] {logging_mixin.py:154} INFO - [2025-05-20T00:33:27.038+0000] {dag.py:3722} INFO - Setting next_dagrun for data_pipeline to 2025-05-20T00:30:10.683323+00:00, run_after=2025-05-21T00:30:10.683323+00:00
[2025-05-20T00:33:27.082+0000] {processor.py:179} INFO - Processing /opt/airflow/dags/data_pipeline.py took 0.240 seconds
[2025-05-20T00:33:57.377+0000] {processor.py:157} INFO - Started process (PID=1113) to work on /opt/airflow/dags/data_pipeline.py
[2025-05-20T00:33:57.380+0000] {processor.py:829} INFO - Processing file /opt/airflow/dags/data_pipeline.py for tasks to queue
[2025-05-20T00:33:57.382+0000] {logging_mixin.py:154} INFO - [2025-05-20T00:33:57.382+0000] {dagbag.py:536} INFO - Filling up the DagBag from /opt/airflow/dags/data_pipeline.py
[2025-05-20T00:33:57.438+0000] {processor.py:839} INFO - DAG(s) dict_keys(['data_pipeline']) retrieved from /opt/airflow/dags/data_pipeline.py
[2025-05-20T00:33:57.549+0000] {logging_mixin.py:154} INFO - [2025-05-20T00:33:57.549+0000] {dag.py:2941} INFO - Sync 1 DAGs
[2025-05-20T00:33:57.661+0000] {logging_mixin.py:154} INFO - [2025-05-20T00:33:57.661+0000] {dag.py:3722} INFO - Setting next_dagrun for data_pipeline to 2025-05-20T00:30:10.683323+00:00, run_after=2025-05-21T00:30:10.683323+00:00
[2025-05-20T00:33:57.740+0000] {processor.py:179} INFO - Processing /opt/airflow/dags/data_pipeline.py took 0.374 seconds
[2025-05-20T00:34:28.168+0000] {processor.py:157} INFO - Started process (PID=1118) to work on /opt/airflow/dags/data_pipeline.py
[2025-05-20T00:34:28.172+0000] {processor.py:829} INFO - Processing file /opt/airflow/dags/data_pipeline.py for tasks to queue
[2025-05-20T00:34:28.175+0000] {logging_mixin.py:154} INFO - [2025-05-20T00:34:28.174+0000] {dagbag.py:536} INFO - Filling up the DagBag from /opt/airflow/dags/data_pipeline.py
[2025-05-20T00:34:28.226+0000] {processor.py:839} INFO - DAG(s) dict_keys(['data_pipeline']) retrieved from /opt/airflow/dags/data_pipeline.py
[2025-05-20T00:34:28.295+0000] {logging_mixin.py:154} INFO - [2025-05-20T00:34:28.294+0000] {dag.py:2941} INFO - Sync 1 DAGs
[2025-05-20T00:34:28.377+0000] {logging_mixin.py:154} INFO - [2025-05-20T00:34:28.377+0000] {dag.py:3722} INFO - Setting next_dagrun for data_pipeline to 2025-05-20T00:30:10.683323+00:00, run_after=2025-05-21T00:30:10.683323+00:00
[2025-05-20T00:34:28.436+0000] {processor.py:179} INFO - Processing /opt/airflow/dags/data_pipeline.py took 0.277 seconds
[2025-05-20T00:34:58.623+0000] {processor.py:157} INFO - Started process (PID=1123) to work on /opt/airflow/dags/data_pipeline.py
[2025-05-20T00:34:58.625+0000] {processor.py:829} INFO - Processing file /opt/airflow/dags/data_pipeline.py for tasks to queue
[2025-05-20T00:34:58.627+0000] {logging_mixin.py:154} INFO - [2025-05-20T00:34:58.626+0000] {dagbag.py:536} INFO - Filling up the DagBag from /opt/airflow/dags/data_pipeline.py
[2025-05-20T00:34:58.698+0000] {processor.py:839} INFO - DAG(s) dict_keys(['data_pipeline']) retrieved from /opt/airflow/dags/data_pipeline.py
[2025-05-20T00:34:58.837+0000] {logging_mixin.py:154} INFO - [2025-05-20T00:34:58.836+0000] {dag.py:2941} INFO - Sync 1 DAGs
[2025-05-20T00:34:58.908+0000] {logging_mixin.py:154} INFO - [2025-05-20T00:34:58.907+0000] {dag.py:3722} INFO - Setting next_dagrun for data_pipeline to 2025-05-20T00:30:10.683323+00:00, run_after=2025-05-21T00:30:10.683323+00:00
[2025-05-20T00:34:58.957+0000] {processor.py:179} INFO - Processing /opt/airflow/dags/data_pipeline.py took 0.343 seconds
[2025-05-20T00:35:29.483+0000] {processor.py:157} INFO - Started process (PID=1128) to work on /opt/airflow/dags/data_pipeline.py
[2025-05-20T00:35:29.487+0000] {processor.py:829} INFO - Processing file /opt/airflow/dags/data_pipeline.py for tasks to queue
[2025-05-20T00:35:29.492+0000] {logging_mixin.py:154} INFO - [2025-05-20T00:35:29.490+0000] {dagbag.py:536} INFO - Filling up the DagBag from /opt/airflow/dags/data_pipeline.py
[2025-05-20T00:35:29.585+0000] {processor.py:839} INFO - DAG(s) dict_keys(['data_pipeline']) retrieved from /opt/airflow/dags/data_pipeline.py
[2025-05-20T00:35:29.698+0000] {logging_mixin.py:154} INFO - [2025-05-20T00:35:29.697+0000] {dag.py:2941} INFO - Sync 1 DAGs
[2025-05-20T00:35:29.812+0000] {logging_mixin.py:154} INFO - [2025-05-20T00:35:29.811+0000] {dag.py:3722} INFO - Setting next_dagrun for data_pipeline to 2025-05-20T00:30:10.683323+00:00, run_after=2025-05-21T00:30:10.683323+00:00
[2025-05-20T00:35:29.896+0000] {processor.py:179} INFO - Processing /opt/airflow/dags/data_pipeline.py took 0.424 seconds
[2025-05-20T00:36:00.464+0000] {processor.py:157} INFO - Started process (PID=1133) to work on /opt/airflow/dags/data_pipeline.py
[2025-05-20T00:36:00.471+0000] {processor.py:829} INFO - Processing file /opt/airflow/dags/data_pipeline.py for tasks to queue
[2025-05-20T00:36:00.479+0000] {logging_mixin.py:154} INFO - [2025-05-20T00:36:00.477+0000] {dagbag.py:536} INFO - Filling up the DagBag from /opt/airflow/dags/data_pipeline.py
[2025-05-20T00:36:00.585+0000] {processor.py:839} INFO - DAG(s) dict_keys(['data_pipeline']) retrieved from /opt/airflow/dags/data_pipeline.py
[2025-05-20T00:36:00.711+0000] {logging_mixin.py:154} INFO - [2025-05-20T00:36:00.710+0000] {dag.py:2941} INFO - Sync 1 DAGs
[2025-05-20T00:36:00.817+0000] {logging_mixin.py:154} INFO - [2025-05-20T00:36:00.816+0000] {dag.py:3722} INFO - Setting next_dagrun for data_pipeline to 2025-05-20T00:30:10.683323+00:00, run_after=2025-05-21T00:30:10.683323+00:00
[2025-05-20T00:36:00.906+0000] {processor.py:179} INFO - Processing /opt/airflow/dags/data_pipeline.py took 0.460 seconds
[2025-05-20T00:36:31.468+0000] {processor.py:157} INFO - Started process (PID=1138) to work on /opt/airflow/dags/data_pipeline.py
[2025-05-20T00:36:31.471+0000] {processor.py:829} INFO - Processing file /opt/airflow/dags/data_pipeline.py for tasks to queue
[2025-05-20T00:36:31.475+0000] {logging_mixin.py:154} INFO - [2025-05-20T00:36:31.474+0000] {dagbag.py:536} INFO - Filling up the DagBag from /opt/airflow/dags/data_pipeline.py
[2025-05-20T00:36:31.541+0000] {processor.py:839} INFO - DAG(s) dict_keys(['data_pipeline']) retrieved from /opt/airflow/dags/data_pipeline.py
[2025-05-20T00:36:31.634+0000] {logging_mixin.py:154} INFO - [2025-05-20T00:36:31.634+0000] {dag.py:2941} INFO - Sync 1 DAGs
[2025-05-20T00:36:31.724+0000] {logging_mixin.py:154} INFO - [2025-05-20T00:36:31.723+0000] {dag.py:3722} INFO - Setting next_dagrun for data_pipeline to 2025-05-20T00:30:10.683323+00:00, run_after=2025-05-21T00:30:10.683323+00:00
[2025-05-20T00:36:31.810+0000] {processor.py:179} INFO - Processing /opt/airflow/dags/data_pipeline.py took 0.350 seconds
[2025-05-20T00:37:01.971+0000] {processor.py:157} INFO - Started process (PID=1143) to work on /opt/airflow/dags/data_pipeline.py
[2025-05-20T00:37:01.975+0000] {processor.py:829} INFO - Processing file /opt/airflow/dags/data_pipeline.py for tasks to queue
[2025-05-20T00:37:01.979+0000] {logging_mixin.py:154} INFO - [2025-05-20T00:37:01.978+0000] {dagbag.py:536} INFO - Filling up the DagBag from /opt/airflow/dags/data_pipeline.py
[2025-05-20T00:37:02.071+0000] {processor.py:839} INFO - DAG(s) dict_keys(['data_pipeline']) retrieved from /opt/airflow/dags/data_pipeline.py
[2025-05-20T00:37:02.180+0000] {logging_mixin.py:154} INFO - [2025-05-20T00:37:02.179+0000] {dag.py:2941} INFO - Sync 1 DAGs
[2025-05-20T00:37:02.282+0000] {logging_mixin.py:154} INFO - [2025-05-20T00:37:02.281+0000] {dag.py:3722} INFO - Setting next_dagrun for data_pipeline to 2025-05-20T00:30:10.683323+00:00, run_after=2025-05-21T00:30:10.683323+00:00
[2025-05-20T00:37:02.359+0000] {processor.py:179} INFO - Processing /opt/airflow/dags/data_pipeline.py took 0.400 seconds
[2025-05-20T00:37:32.833+0000] {processor.py:157} INFO - Started process (PID=1148) to work on /opt/airflow/dags/data_pipeline.py
[2025-05-20T00:37:32.836+0000] {processor.py:829} INFO - Processing file /opt/airflow/dags/data_pipeline.py for tasks to queue
[2025-05-20T00:37:32.841+0000] {logging_mixin.py:154} INFO - [2025-05-20T00:37:32.840+0000] {dagbag.py:536} INFO - Filling up the DagBag from /opt/airflow/dags/data_pipeline.py
[2025-05-20T00:37:32.942+0000] {processor.py:839} INFO - DAG(s) dict_keys(['data_pipeline']) retrieved from /opt/airflow/dags/data_pipeline.py
[2025-05-20T00:37:33.057+0000] {logging_mixin.py:154} INFO - [2025-05-20T00:37:33.056+0000] {dag.py:2941} INFO - Sync 1 DAGs
[2025-05-20T00:37:33.163+0000] {logging_mixin.py:154} INFO - [2025-05-20T00:37:33.163+0000] {dag.py:3722} INFO - Setting next_dagrun for data_pipeline to 2025-05-20T00:30:10.683323+00:00, run_after=2025-05-21T00:30:10.683323+00:00
[2025-05-20T00:37:33.267+0000] {processor.py:179} INFO - Processing /opt/airflow/dags/data_pipeline.py took 0.446 seconds
[2025-05-20T00:38:03.817+0000] {processor.py:157} INFO - Started process (PID=1153) to work on /opt/airflow/dags/data_pipeline.py
[2025-05-20T00:38:03.821+0000] {processor.py:829} INFO - Processing file /opt/airflow/dags/data_pipeline.py for tasks to queue
[2025-05-20T00:38:03.824+0000] {logging_mixin.py:154} INFO - [2025-05-20T00:38:03.823+0000] {dagbag.py:536} INFO - Filling up the DagBag from /opt/airflow/dags/data_pipeline.py
[2025-05-20T00:38:03.995+0000] {processor.py:839} INFO - DAG(s) dict_keys(['data_pipeline']) retrieved from /opt/airflow/dags/data_pipeline.py
[2025-05-20T00:38:04.129+0000] {logging_mixin.py:154} INFO - [2025-05-20T00:38:04.128+0000] {dag.py:2941} INFO - Sync 1 DAGs
[2025-05-20T00:38:04.223+0000] {logging_mixin.py:154} INFO - [2025-05-20T00:38:04.222+0000] {dag.py:3722} INFO - Setting next_dagrun for data_pipeline to 2025-05-20T00:30:10.683323+00:00, run_after=2025-05-21T00:30:10.683323+00:00
[2025-05-20T00:38:04.355+0000] {processor.py:179} INFO - Processing /opt/airflow/dags/data_pipeline.py took 0.547 seconds
[2025-05-20T00:38:34.732+0000] {processor.py:157} INFO - Started process (PID=1158) to work on /opt/airflow/dags/data_pipeline.py
[2025-05-20T00:38:34.735+0000] {processor.py:829} INFO - Processing file /opt/airflow/dags/data_pipeline.py for tasks to queue
[2025-05-20T00:38:34.739+0000] {logging_mixin.py:154} INFO - [2025-05-20T00:38:34.738+0000] {dagbag.py:536} INFO - Filling up the DagBag from /opt/airflow/dags/data_pipeline.py
[2025-05-20T00:38:34.809+0000] {processor.py:839} INFO - DAG(s) dict_keys(['data_pipeline']) retrieved from /opt/airflow/dags/data_pipeline.py
[2025-05-20T00:38:34.916+0000] {logging_mixin.py:154} INFO - [2025-05-20T00:38:34.915+0000] {dag.py:2941} INFO - Sync 1 DAGs
[2025-05-20T00:38:35.018+0000] {logging_mixin.py:154} INFO - [2025-05-20T00:38:35.017+0000] {dag.py:3722} INFO - Setting next_dagrun for data_pipeline to 2025-05-20T00:30:10.683323+00:00, run_after=2025-05-21T00:30:10.683323+00:00
[2025-05-20T00:38:35.105+0000] {processor.py:179} INFO - Processing /opt/airflow/dags/data_pipeline.py took 0.384 seconds
[2025-05-20T00:39:05.422+0000] {processor.py:157} INFO - Started process (PID=1163) to work on /opt/airflow/dags/data_pipeline.py
[2025-05-20T00:39:05.426+0000] {processor.py:829} INFO - Processing file /opt/airflow/dags/data_pipeline.py for tasks to queue
[2025-05-20T00:39:05.431+0000] {logging_mixin.py:154} INFO - [2025-05-20T00:39:05.429+0000] {dagbag.py:536} INFO - Filling up the DagBag from /opt/airflow/dags/data_pipeline.py
[2025-05-20T00:39:05.527+0000] {processor.py:839} INFO - DAG(s) dict_keys(['data_pipeline']) retrieved from /opt/airflow/dags/data_pipeline.py
[2025-05-20T00:39:05.740+0000] {logging_mixin.py:154} INFO - [2025-05-20T00:39:05.732+0000] {dag.py:2941} INFO - Sync 1 DAGs
[2025-05-20T00:39:05.940+0000] {logging_mixin.py:154} INFO - [2025-05-20T00:39:05.939+0000] {dag.py:3722} INFO - Setting next_dagrun for data_pipeline to 2025-05-20T00:30:10.683323+00:00, run_after=2025-05-21T00:30:10.683323+00:00
[2025-05-20T00:39:06.041+0000] {processor.py:179} INFO - Processing /opt/airflow/dags/data_pipeline.py took 0.635 seconds
[2025-05-20T00:39:36.650+0000] {processor.py:157} INFO - Started process (PID=1168) to work on /opt/airflow/dags/data_pipeline.py
[2025-05-20T00:39:36.653+0000] {processor.py:829} INFO - Processing file /opt/airflow/dags/data_pipeline.py for tasks to queue
[2025-05-20T00:39:36.657+0000] {logging_mixin.py:154} INFO - [2025-05-20T00:39:36.656+0000] {dagbag.py:536} INFO - Filling up the DagBag from /opt/airflow/dags/data_pipeline.py
[2025-05-20T00:39:36.754+0000] {processor.py:839} INFO - DAG(s) dict_keys(['data_pipeline']) retrieved from /opt/airflow/dags/data_pipeline.py
[2025-05-20T00:39:36.914+0000] {logging_mixin.py:154} INFO - [2025-05-20T00:39:36.913+0000] {dag.py:2941} INFO - Sync 1 DAGs
[2025-05-20T00:39:37.038+0000] {logging_mixin.py:154} INFO - [2025-05-20T00:39:37.037+0000] {dag.py:3722} INFO - Setting next_dagrun for data_pipeline to 2025-05-20T00:30:10.683323+00:00, run_after=2025-05-21T00:30:10.683323+00:00
[2025-05-20T00:39:37.100+0000] {processor.py:179} INFO - Processing /opt/airflow/dags/data_pipeline.py took 0.463 seconds
[2025-05-20T00:40:07.544+0000] {processor.py:157} INFO - Started process (PID=1173) to work on /opt/airflow/dags/data_pipeline.py
[2025-05-20T00:40:07.549+0000] {processor.py:829} INFO - Processing file /opt/airflow/dags/data_pipeline.py for tasks to queue
[2025-05-20T00:40:07.556+0000] {logging_mixin.py:154} INFO - [2025-05-20T00:40:07.552+0000] {dagbag.py:536} INFO - Filling up the DagBag from /opt/airflow/dags/data_pipeline.py
[2025-05-20T00:40:07.753+0000] {processor.py:839} INFO - DAG(s) dict_keys(['data_pipeline']) retrieved from /opt/airflow/dags/data_pipeline.py
[2025-05-20T00:40:07.892+0000] {logging_mixin.py:154} INFO - [2025-05-20T00:40:07.891+0000] {dag.py:2941} INFO - Sync 1 DAGs
[2025-05-20T00:40:08.088+0000] {logging_mixin.py:154} INFO - [2025-05-20T00:40:08.087+0000] {dag.py:3722} INFO - Setting next_dagrun for data_pipeline to 2025-05-20T00:30:10.683323+00:00, run_after=2025-05-21T00:30:10.683323+00:00
[2025-05-20T00:40:08.251+0000] {processor.py:179} INFO - Processing /opt/airflow/dags/data_pipeline.py took 0.723 seconds
[2025-05-20T00:40:38.892+0000] {processor.py:157} INFO - Started process (PID=1178) to work on /opt/airflow/dags/data_pipeline.py
[2025-05-20T00:40:38.895+0000] {processor.py:829} INFO - Processing file /opt/airflow/dags/data_pipeline.py for tasks to queue
[2025-05-20T00:40:38.898+0000] {logging_mixin.py:154} INFO - [2025-05-20T00:40:38.897+0000] {dagbag.py:536} INFO - Filling up the DagBag from /opt/airflow/dags/data_pipeline.py
[2025-05-20T00:40:38.961+0000] {processor.py:839} INFO - DAG(s) dict_keys(['data_pipeline']) retrieved from /opt/airflow/dags/data_pipeline.py
[2025-05-20T00:40:39.082+0000] {logging_mixin.py:154} INFO - [2025-05-20T00:40:39.081+0000] {dag.py:2941} INFO - Sync 1 DAGs
[2025-05-20T00:40:39.175+0000] {logging_mixin.py:154} INFO - [2025-05-20T00:40:39.175+0000] {dag.py:3722} INFO - Setting next_dagrun for data_pipeline to 2025-05-20T00:30:10.683323+00:00, run_after=2025-05-21T00:30:10.683323+00:00
[2025-05-20T00:40:39.245+0000] {processor.py:179} INFO - Processing /opt/airflow/dags/data_pipeline.py took 0.365 seconds
[2025-05-20T00:41:09.513+0000] {processor.py:157} INFO - Started process (PID=1183) to work on /opt/airflow/dags/data_pipeline.py
[2025-05-20T00:41:09.517+0000] {processor.py:829} INFO - Processing file /opt/airflow/dags/data_pipeline.py for tasks to queue
[2025-05-20T00:41:09.524+0000] {logging_mixin.py:154} INFO - [2025-05-20T00:41:09.523+0000] {dagbag.py:536} INFO - Filling up the DagBag from /opt/airflow/dags/data_pipeline.py
[2025-05-20T00:41:09.614+0000] {processor.py:839} INFO - DAG(s) dict_keys(['data_pipeline']) retrieved from /opt/airflow/dags/data_pipeline.py
[2025-05-20T00:41:09.733+0000] {logging_mixin.py:154} INFO - [2025-05-20T00:41:09.732+0000] {dag.py:2941} INFO - Sync 1 DAGs
[2025-05-20T00:41:09.875+0000] {logging_mixin.py:154} INFO - [2025-05-20T00:41:09.873+0000] {dag.py:3722} INFO - Setting next_dagrun for data_pipeline to 2025-05-20T00:30:10.683323+00:00, run_after=2025-05-21T00:30:10.683323+00:00
[2025-05-20T00:41:09.994+0000] {processor.py:179} INFO - Processing /opt/airflow/dags/data_pipeline.py took 0.497 seconds
[2025-05-20T00:41:40.146+0000] {processor.py:157} INFO - Started process (PID=1188) to work on /opt/airflow/dags/data_pipeline.py
[2025-05-20T00:41:40.148+0000] {processor.py:829} INFO - Processing file /opt/airflow/dags/data_pipeline.py for tasks to queue
[2025-05-20T00:41:40.152+0000] {logging_mixin.py:154} INFO - [2025-05-20T00:41:40.151+0000] {dagbag.py:536} INFO - Filling up the DagBag from /opt/airflow/dags/data_pipeline.py
[2025-05-20T00:41:40.249+0000] {processor.py:839} INFO - DAG(s) dict_keys(['data_pipeline']) retrieved from /opt/airflow/dags/data_pipeline.py
[2025-05-20T00:41:40.356+0000] {logging_mixin.py:154} INFO - [2025-05-20T00:41:40.356+0000] {dag.py:2941} INFO - Sync 1 DAGs
[2025-05-20T00:41:40.452+0000] {logging_mixin.py:154} INFO - [2025-05-20T00:41:40.452+0000] {dag.py:3722} INFO - Setting next_dagrun for data_pipeline to 2025-05-20T00:30:10.683323+00:00, run_after=2025-05-21T00:30:10.683323+00:00
[2025-05-20T00:41:40.530+0000] {processor.py:179} INFO - Processing /opt/airflow/dags/data_pipeline.py took 0.397 seconds
[2025-05-20T00:42:11.027+0000] {processor.py:157} INFO - Started process (PID=1193) to work on /opt/airflow/dags/data_pipeline.py
[2025-05-20T00:42:11.032+0000] {processor.py:829} INFO - Processing file /opt/airflow/dags/data_pipeline.py for tasks to queue
[2025-05-20T00:42:11.039+0000] {logging_mixin.py:154} INFO - [2025-05-20T00:42:11.035+0000] {dagbag.py:536} INFO - Filling up the DagBag from /opt/airflow/dags/data_pipeline.py
[2025-05-20T00:42:11.144+0000] {processor.py:839} INFO - DAG(s) dict_keys(['data_pipeline']) retrieved from /opt/airflow/dags/data_pipeline.py
[2025-05-20T00:42:11.267+0000] {logging_mixin.py:154} INFO - [2025-05-20T00:42:11.267+0000] {dag.py:2941} INFO - Sync 1 DAGs
[2025-05-20T00:42:11.418+0000] {logging_mixin.py:154} INFO - [2025-05-20T00:42:11.417+0000] {dag.py:3722} INFO - Setting next_dagrun for data_pipeline to 2025-05-20T00:30:10.683323+00:00, run_after=2025-05-21T00:30:10.683323+00:00
[2025-05-20T00:42:11.579+0000] {processor.py:179} INFO - Processing /opt/airflow/dags/data_pipeline.py took 0.568 seconds
[2025-05-20T00:42:42.191+0000] {processor.py:157} INFO - Started process (PID=1198) to work on /opt/airflow/dags/data_pipeline.py
[2025-05-20T00:42:42.196+0000] {processor.py:829} INFO - Processing file /opt/airflow/dags/data_pipeline.py for tasks to queue
[2025-05-20T00:42:42.202+0000] {logging_mixin.py:154} INFO - [2025-05-20T00:42:42.200+0000] {dagbag.py:536} INFO - Filling up the DagBag from /opt/airflow/dags/data_pipeline.py
[2025-05-20T00:42:42.282+0000] {processor.py:839} INFO - DAG(s) dict_keys(['data_pipeline']) retrieved from /opt/airflow/dags/data_pipeline.py
[2025-05-20T00:42:42.383+0000] {logging_mixin.py:154} INFO - [2025-05-20T00:42:42.383+0000] {dag.py:2941} INFO - Sync 1 DAGs
[2025-05-20T00:42:42.475+0000] {logging_mixin.py:154} INFO - [2025-05-20T00:42:42.474+0000] {dag.py:3722} INFO - Setting next_dagrun for data_pipeline to 2025-05-20T00:30:10.683323+00:00, run_after=2025-05-21T00:30:10.683323+00:00
[2025-05-20T00:42:42.537+0000] {processor.py:179} INFO - Processing /opt/airflow/dags/data_pipeline.py took 0.358 seconds
[2025-05-20T00:43:12.993+0000] {processor.py:157} INFO - Started process (PID=1203) to work on /opt/airflow/dags/data_pipeline.py
[2025-05-20T00:43:12.996+0000] {processor.py:829} INFO - Processing file /opt/airflow/dags/data_pipeline.py for tasks to queue
[2025-05-20T00:43:13.000+0000] {logging_mixin.py:154} INFO - [2025-05-20T00:43:12.999+0000] {dagbag.py:536} INFO - Filling up the DagBag from /opt/airflow/dags/data_pipeline.py
[2025-05-20T00:43:13.079+0000] {processor.py:839} INFO - DAG(s) dict_keys(['data_pipeline']) retrieved from /opt/airflow/dags/data_pipeline.py
[2025-05-20T00:43:13.182+0000] {logging_mixin.py:154} INFO - [2025-05-20T00:43:13.181+0000] {dag.py:2941} INFO - Sync 1 DAGs
[2025-05-20T00:43:13.270+0000] {logging_mixin.py:154} INFO - [2025-05-20T00:43:13.269+0000] {dag.py:3722} INFO - Setting next_dagrun for data_pipeline to 2025-05-20T00:30:10.683323+00:00, run_after=2025-05-21T00:30:10.683323+00:00
[2025-05-20T00:43:13.349+0000] {processor.py:179} INFO - Processing /opt/airflow/dags/data_pipeline.py took 0.367 seconds
[2025-05-20T00:43:43.609+0000] {processor.py:157} INFO - Started process (PID=1208) to work on /opt/airflow/dags/data_pipeline.py
[2025-05-20T00:43:43.612+0000] {processor.py:829} INFO - Processing file /opt/airflow/dags/data_pipeline.py for tasks to queue
[2025-05-20T00:43:43.615+0000] {logging_mixin.py:154} INFO - [2025-05-20T00:43:43.614+0000] {dagbag.py:536} INFO - Filling up the DagBag from /opt/airflow/dags/data_pipeline.py
[2025-05-20T00:43:43.689+0000] {processor.py:839} INFO - DAG(s) dict_keys(['data_pipeline']) retrieved from /opt/airflow/dags/data_pipeline.py
[2025-05-20T00:43:43.825+0000] {logging_mixin.py:154} INFO - [2025-05-20T00:43:43.824+0000] {dag.py:2941} INFO - Sync 1 DAGs
[2025-05-20T00:43:44.017+0000] {logging_mixin.py:154} INFO - [2025-05-20T00:43:44.017+0000] {dag.py:3722} INFO - Setting next_dagrun for data_pipeline to 2025-05-20T00:30:10.683323+00:00, run_after=2025-05-21T00:30:10.683323+00:00
[2025-05-20T00:43:44.100+0000] {processor.py:179} INFO - Processing /opt/airflow/dags/data_pipeline.py took 0.503 seconds
[2025-05-20T00:44:14.388+0000] {processor.py:157} INFO - Started process (PID=1213) to work on /opt/airflow/dags/data_pipeline.py
[2025-05-20T00:44:14.392+0000] {processor.py:829} INFO - Processing file /opt/airflow/dags/data_pipeline.py for tasks to queue
[2025-05-20T00:44:14.396+0000] {logging_mixin.py:154} INFO - [2025-05-20T00:44:14.395+0000] {dagbag.py:536} INFO - Filling up the DagBag from /opt/airflow/dags/data_pipeline.py
[2025-05-20T00:44:14.477+0000] {processor.py:839} INFO - DAG(s) dict_keys(['data_pipeline']) retrieved from /opt/airflow/dags/data_pipeline.py
[2025-05-20T00:44:14.625+0000] {logging_mixin.py:154} INFO - [2025-05-20T00:44:14.624+0000] {dag.py:2941} INFO - Sync 1 DAGs
[2025-05-20T00:44:14.716+0000] {logging_mixin.py:154} INFO - [2025-05-20T00:44:14.715+0000] {dag.py:3722} INFO - Setting next_dagrun for data_pipeline to 2025-05-20T00:30:10.683323+00:00, run_after=2025-05-21T00:30:10.683323+00:00
[2025-05-20T00:44:14.779+0000] {processor.py:179} INFO - Processing /opt/airflow/dags/data_pipeline.py took 0.401 seconds
[2025-05-20T00:44:45.116+0000] {processor.py:157} INFO - Started process (PID=1218) to work on /opt/airflow/dags/data_pipeline.py
[2025-05-20T00:44:45.119+0000] {processor.py:829} INFO - Processing file /opt/airflow/dags/data_pipeline.py for tasks to queue
[2025-05-20T00:44:45.124+0000] {logging_mixin.py:154} INFO - [2025-05-20T00:44:45.122+0000] {dagbag.py:536} INFO - Filling up the DagBag from /opt/airflow/dags/data_pipeline.py
[2025-05-20T00:44:45.204+0000] {processor.py:839} INFO - DAG(s) dict_keys(['data_pipeline']) retrieved from /opt/airflow/dags/data_pipeline.py
[2025-05-20T00:44:45.305+0000] {logging_mixin.py:154} INFO - [2025-05-20T00:44:45.304+0000] {dag.py:2941} INFO - Sync 1 DAGs
[2025-05-20T00:44:45.421+0000] {logging_mixin.py:154} INFO - [2025-05-20T00:44:45.420+0000] {dag.py:3722} INFO - Setting next_dagrun for data_pipeline to 2025-05-20T00:30:10.683323+00:00, run_after=2025-05-21T00:30:10.683323+00:00
[2025-05-20T00:44:45.508+0000] {processor.py:179} INFO - Processing /opt/airflow/dags/data_pipeline.py took 0.408 seconds
[2025-05-20T00:45:15.783+0000] {processor.py:157} INFO - Started process (PID=1223) to work on /opt/airflow/dags/data_pipeline.py
[2025-05-20T00:45:15.786+0000] {processor.py:829} INFO - Processing file /opt/airflow/dags/data_pipeline.py for tasks to queue
[2025-05-20T00:45:15.790+0000] {logging_mixin.py:154} INFO - [2025-05-20T00:45:15.789+0000] {dagbag.py:536} INFO - Filling up the DagBag from /opt/airflow/dags/data_pipeline.py
[2025-05-20T00:45:15.836+0000] {processor.py:839} INFO - DAG(s) dict_keys(['data_pipeline']) retrieved from /opt/airflow/dags/data_pipeline.py
[2025-05-20T00:45:15.903+0000] {logging_mixin.py:154} INFO - [2025-05-20T00:45:15.902+0000] {dag.py:2941} INFO - Sync 1 DAGs
[2025-05-20T00:45:15.998+0000] {logging_mixin.py:154} INFO - [2025-05-20T00:45:15.997+0000] {dag.py:3722} INFO - Setting next_dagrun for data_pipeline to 2025-05-20T00:30:10.683323+00:00, run_after=2025-05-21T00:30:10.683323+00:00
[2025-05-20T00:45:16.116+0000] {processor.py:179} INFO - Processing /opt/airflow/dags/data_pipeline.py took 0.348 seconds
